2025-11-15 10:45:07,482 [INFO] - --- Starting v16 Metrics Calculation ---
2025-11-15 10:45:07,482 [INFO] - Using device: cuda
2025-11-15 10:45:07,482 [INFO] - Loading tokenizer and image processor...
2025-11-15 10:45:13,498 [INFO] - Loading dataset from H:\News_Summarization\Dataset\News_Articles_with_Images\bbc2news_processed\multimodal_dataset_generation_20251114.parquet...
2025-11-15 10:45:13,648 [INFO] - Loaded 20252 items.
2025-11-15 10:45:13,649 [INFO] - Loaded 2026 validation samples.
2025-11-15 10:45:13,649 [INFO] - Initializing v16 model and loading weights from v16_model_output_BASE\v16_base_checkpoint_epoch_3.pth...
2025-11-15 10:45:43,664 [INFO] - Fingerprint not found. Saved model loading will continue.
2025-11-15 10:45:43,664 [INFO] - path_and_singleprint metric could not be logged. Saved model loading will continue.
2025-11-15 10:45:43,671 [INFO] - Generating summaries for validation set...
2025-11-15 10:56:13,570 [INFO] - Generation complete. Calculating scores...
2025-11-15 10:56:13,607 [INFO] - Using default tokenizer.
2025-11-15 11:39:21,670 [INFO] - 
================================================================================
2025-11-15 11:39:21,670 [INFO] - --- Final Metrics for v16_model_output_BASE\v16_base_checkpoint_epoch_3.pth ---
2025-11-15 11:39:21,670 [INFO] - --- (Calculated on 2026 validation samples) ---
2025-11-15 11:39:21,670 [INFO] - ================================================================================
2025-11-15 11:39:21,671 [INFO] -   eval_rouge1: 0.7762
2025-11-15 11:39:21,671 [INFO] -   eval_rouge2: 0.7106
2025-11-15 11:39:21,671 [INFO] -   eval_rougeL: 0.7717
2025-11-15 11:39:21,671 [INFO] -   eval_bleurt_f1: 0.7252
2025-11-15 11:39:21,671 [INFO] - ================================================================================
2025-11-15 11:39:21,671 [INFO] - Metric calculation complete.
