2025-11-15 09:08:46,247 [INFO] - --- Starting v16 Multimodal Training (BASE Model) ---
2025-11-15 09:08:46,247 [INFO] - Using device: cuda
2025-11-15 09:08:46,247 [INFO] - Loading tokenizer and image processor...
2025-11-15 09:08:52,088 [INFO] - Loading dataset from H:\News_Summarization\Dataset\News_Articles_with_Images\bbc2news_processed\multimodal_dataset_generation_20251114.parquet...
2025-11-15 09:08:52,274 [INFO] - Loaded 20252 items.
2025-11-15 09:08:52,274 [INFO] - Data split: 18226 train (2279 steps), 2026 validation (254 steps).
2025-11-15 09:08:52,274 [INFO] - Initializing v16 model...
2025-11-15 09:08:59,796 [INFO] - --- Starting Training for 3 Epochs ---
2025-11-15 09:08:59,796 [INFO] - Trainable parameters: 51192832
2025-11-15 09:08:59,796 [INFO] - --- Starting Epoch 1/3 ---
2025-11-15 09:31:43,984 [INFO] - Epoch 1 - Average Training Loss: 2.5739
2025-11-15 09:31:43,984 [INFO] - Running validation for Epoch 1...
2025-11-15 09:33:54,871 [INFO] - Epoch 1 - Validation Loss: 0.6705
2025-11-15 09:34:31,561 [INFO] - Checkpoint saved to v16_model_output_BASE\v16_base_checkpoint_epoch_1.pth
2025-11-15 09:34:31,561 [INFO] - --- Starting Epoch 2/3 ---
2025-11-15 09:57:05,623 [INFO] - Epoch 2 - Average Training Loss: 0.6372
2025-11-15 09:57:05,623 [INFO] - Running validation for Epoch 2...
2025-11-15 09:59:14,380 [INFO] - Epoch 2 - Validation Loss: 0.6383
2025-11-15 09:59:52,438 [INFO] - Checkpoint saved to v16_model_output_BASE\v16_base_checkpoint_epoch_2.pth
2025-11-15 09:59:52,438 [INFO] - --- Starting Epoch 3/3 ---
2025-11-15 10:22:29,035 [INFO] - Epoch 3 - Average Training Loss: 0.5737
2025-11-15 10:22:29,035 [INFO] - Running validation for Epoch 3...
2025-11-15 10:24:39,230 [INFO] - Epoch 3 - Validation Loss: 0.6364
2025-11-15 10:25:20,555 [INFO] - Checkpoint saved to v16_model_output_BASE\v16_base_checkpoint_epoch_3.pth
2025-11-15 10:25:20,555 [INFO] - --- Training Complete ---
2025-11-15 10:25:20,559 [INFO] - Final model checkpoints saved in v16_model_output_BASE
