2025-11-18 06:20:04,653 [INFO] - --- Starting Multimodal Set 2 Build ---
2025-11-18 06:20:04,653 [INFO] - Source Dirs: ['D:\\Articles\\extracted_articles\\bbc_1\\bbcnews_json', 'D:\\Articles\\extracted_articles\\bbc_2\\bbcnews_stm2json']
2025-11-18 06:20:04,653 [INFO] - Output Dir: H:\News_Summarization\Dataset\News_Articles_with_Images\balanced_50k_dataset_sets\set_2
2025-11-18 06:20:04,653 [INFO] - Target Set Size: 50000
2025-11-18 06:20:04,653 [INFO] - Using 32 parallel download workers.
2025-11-18 06:20:04,657 [INFO] - Processing set 2: items 50000 to 100000.
2025-11-18 06:20:04,657 [INFO] - Total items to process for this set: 50000
2025-11-18 06:20:04,760 [INFO] - Stage 1: Submitting all files to download queue...
2025-11-18 06:20:06,651 [INFO] - Submitted 50000 image download jobs.
2025-11-18 06:20:06,651 [INFO] - Stage 2: Downloading and processing images (OCR)...
2025-11-18 06:23:25,979 [WARNING] - Retrying (Retry(total=2, connect=None, read=None, redirect=None, status=None)) after connection broken by 'ReadTimeoutError("HTTPConnectionPool(host='c.files.bbci.co.uk', port=80): Read timed out. (read timeout=5)")': /9A6C/production/_86423593_fgr016.jpg
2025-11-18 06:23:26,127 [WARNING] - Retrying (Retry(total=2, connect=None, read=None, redirect=None, status=None)) after connection broken by 'ReadTimeoutError("HTTPConnectionPool(host='c.files.bbci.co.uk', port=80): Read timed out. (read timeout=5)")': /5BCA/production/_85089432_thinkstockphotos-98973245.jpg
2025-11-18 06:23:26,362 [WARNING] - Retrying (Retry(total=2, connect=None, read=None, redirect=None, status=None)) after connection broken by 'ReadTimeoutError("HTTPConnectionPool(host='c.files.bbci.co.uk', port=80): Read timed out. (read timeout=5)")': /CE8A/production/_84147825_028026304-1.jpg
2025-11-18 06:23:26,623 [WARNING] - Retrying (Retry(total=2, connect=None, read=None, redirect=None, status=None)) after connection broken by 'ReadTimeoutError("HTTPConnectionPool(host='news.bbcimg.co.uk', port=80): Read timed out. (read timeout=5)")': /media/images/75467000/jpg/_75467014_rapeprotests.jpg
2025-11-18 06:23:26,728 [WARNING] - Retrying (Retry(total=2, connect=None, read=None, redirect=None, status=None)) after connection broken by 'ReadTimeoutError("HTTPConnectionPool(host='news.bbcimg.co.uk', port=80): Read timed out. (read timeout=5)")': /media/images/74863000/jpg/_74863984_163603823.jpg
2025-11-18 06:23:26,729 [WARNING] - Retrying (Retry(total=2, connect=None, read=None, redirect=None, status=None)) after connection broken by 'ReadTimeoutError("HTTPConnectionPool(host='newsimg.bbc.co.uk', port=80): Read timed out. (read timeout=5)")': /media/images/45497000/jpg/_45497477_000082142-1.jpg
2025-11-18 06:23:26,729 [WARNING] - Retrying (Retry(total=2, connect=None, read=None, redirect=None, status=None)) after connection broken by 'ReadTimeoutError("HTTPConnectionPool(host='newsimg.bbc.co.uk', port=80): Read timed out. (read timeout=5)")': /media/images/45553000/jpg/_45553185_psniman.jpg
2025-11-18 06:23:26,729 [WARNING] - Retrying (Retry(total=2, connect=None, read=None, redirect=None, status=None)) after connection broken by 'ReadTimeoutError("HTTPConnectionPool(host='newsimg.bbc.co.uk', port=80): Read timed out. (read timeout=5)")': /media/images/44333000/jpg/_44333713_barton203.jpg
2025-11-18 06:23:26,729 [WARNING] - Retrying (Retry(total=2, connect=None, read=None, redirect=None, status=None)) after connection broken by 'ReadTimeoutError("HTTPConnectionPool(host='newsimg.bbc.co.uk', port=80): Read timed out. (read timeout=5)")': /media/images/47465000/jpg/_47465244_mdr18-10kelvinfrancis.jpg
2025-11-18 06:23:26,746 [WARNING] - Retrying (Retry(total=2, connect=None, read=None, redirect=None, status=None)) after connection broken by 'ReadTimeoutError("HTTPConnectionPool(host='newsimg.bbc.co.uk', port=80): Read timed out. (read timeout=5)")': /media/images/47104000/jpg/_47104699_caldwellaction.jpg
2025-11-18 06:23:26,746 [WARNING] - Retrying (Retry(total=2, connect=None, read=None, redirect=None, status=None)) after connection broken by 'ReadTimeoutError("HTTPConnectionPool(host='news.bbcimg.co.uk', port=80): Read timed out. (read timeout=5)")': /media/images/49739000/jpg/_49739763_010440138-1.jpg
2025-11-18 06:23:26,746 [WARNING] - Retrying (Retry(total=2, connect=None, read=None, redirect=None, status=None)) after connection broken by 'ReadTimeoutError("HTTPConnectionPool(host='news.bbcimg.co.uk', port=80): Read timed out. (read timeout=5)")': /media/images/50140000/jpg/_50140965_50140964.jpg
2025-11-18 06:23:26,760 [WARNING] - Retrying (Retry(total=2, connect=None, read=None, redirect=None, status=None)) after connection broken by 'ReadTimeoutError("HTTPConnectionPool(host='newsimg.bbc.co.uk', port=80): Read timed out. (read timeout=5)")': /media/images/45105000/jpg/_45105744_reading226.jpg
2025-11-18 06:23:26,780 [WARNING] - Retrying (Retry(total=2, connect=None, read=None, redirect=None, status=None)) after connection broken by 'ReadTimeoutError("HTTPConnectionPool(host='newsimg.bbc.co.uk', port=80): Read timed out. (read timeout=5)")': /media/images/45035000/jpg/_45035945_-27.jpg
2025-11-18 06:23:26,780 [WARNING] - Retrying (Retry(total=2, connect=None, read=None, redirect=None, status=None)) after connection broken by 'ReadTimeoutError("HTTPConnectionPool(host='newsimg.bbc.co.uk', port=80): Read timed out. (read timeout=5)")': /media/images/46222000/jpg/_46222925_measuring226.jpg
2025-11-18 06:23:26,780 [WARNING] - Retrying (Retry(total=2, connect=None, read=None, redirect=None, status=None)) after connection broken by 'ReadTimeoutError("HTTPConnectionPool(host='newsimg.bbc.co.uk', port=80): Read timed out. (read timeout=5)")': /media/images/45617000/jpg/_45617992__40955359_blood_new203-1.jpg
2025-11-18 06:23:26,780 [WARNING] - Retrying (Retry(total=2, connect=None, read=None, redirect=None, status=None)) after connection broken by 'ReadTimeoutError("HTTPConnectionPool(host='news.bbcimg.co.uk', port=80): Read timed out. (read timeout=5)")': /media/images/50860000/jpg/_50860380_gullit_getty.jpg
2025-11-18 06:23:26,796 [WARNING] - Retrying (Retry(total=2, connect=None, read=None, redirect=None, status=None)) after connection broken by 'ReadTimeoutError("HTTPConnectionPool(host='c.files.bbci.co.uk', port=80): Read timed out. (read timeout=5)")': /12E55/production/_87179377_017861855-1.jpg
2025-11-18 06:23:26,796 [WARNING] - Retrying (Retry(total=2, connect=None, read=None, redirect=None, status=None)) after connection broken by 'ReadTimeoutError("HTTPConnectionPool(host='c.files.bbci.co.uk', port=80): Read timed out. (read timeout=5)")': /9170/production/_85123273_de27-4.jpg
2025-11-18 06:23:26,848 [WARNING] - Retrying (Retry(total=2, connect=None, read=None, redirect=None, status=None)) after connection broken by 'ReadTimeoutError("HTTPConnectionPool(host='newsimg.bbc.co.uk', port=80): Read timed out. (read timeout=5)")': /media/images/44283000/jpg/_44283579_yongbyon_ap203b.jpg
2025-11-18 06:23:26,848 [WARNING] - Retrying (Retry(total=2, connect=None, read=None, redirect=None, status=None)) after connection broken by 'ReadTimeoutError("HTTPConnectionPool(host='news.bbcimg.co.uk', port=80): Read timed out. (read timeout=5)")': /media/images/47531000/jpg/_47531866__46562474__46400595_claudianewpic-1-1.jpg
2025-11-18 06:23:26,848 [WARNING] - Retrying (Retry(total=2, connect=None, read=None, redirect=None, status=None)) after connection broken by 'ReadTimeoutError("HTTPConnectionPool(host='newsimg.bbc.co.uk', port=80): Read timed out. (read timeout=5)")': /media/images/47301000/jpg/_47301295__47096697__46432599_3930956387_7e3c852e1c_o-1-1-1.jpg
2025-11-18 06:23:26,863 [WARNING] - Retrying (Retry(total=2, connect=None, read=None, redirect=None, status=None)) after connection broken by 'ReadTimeoutError("HTTPConnectionPool(host='newsimg.bbc.co.uk', port=80): Read timed out. (read timeout=5)")': /media/images/45675000/jpg/_45675723_mossie.jpg
2025-11-18 06:23:27,152 [WARNING] - Retrying (Retry(total=2, connect=None, read=None, redirect=None, status=None)) after connection broken by 'ReadTimeoutError("HTTPConnectionPool(host='news.bbcimg.co.uk', port=80): Read timed out. (read timeout=5)")': /media/images/50123000/jpg/_50123474__loughinislandbar226.jpg
2025-11-18 06:23:27,152 [WARNING] - Retrying (Retry(total=2, connect=None, read=None, redirect=None, status=None)) after connection broken by 'ReadTimeoutError("HTTPConnectionPool(host='newsimg.bbc.co.uk', port=80): Read timed out. (read timeout=5)")': /media/images/44973000/jpg/_44973776_-2.jpg
2025-11-18 06:23:27,152 [WARNING] - Retrying (Retry(total=2, connect=None, read=None, redirect=None, status=None)) after connection broken by 'ReadTimeoutError("HTTPConnectionPool(host='newsimg.bbc.co.uk', port=80): Read timed out. (read timeout=5)")': /media/images/44009000/jpg/_44009013_sunbathers_beach203.jpg
2025-11-18 06:23:27,152 [WARNING] - Retrying (Retry(total=2, connect=None, read=None, redirect=None, status=None)) after connection broken by 'ReadTimeoutError("HTTPConnectionPool(host='news.bbcimg.co.uk', port=80): Read timed out. (read timeout=5)")': /media/images/83062000/jpg/_83062951_cliffcrack_doug_chalk.jpg
2025-11-18 06:23:27,152 [WARNING] - Retrying (Retry(total=2, connect=None, read=None, redirect=None, status=None)) after connection broken by 'ReadTimeoutError("HTTPConnectionPool(host='newsimg.bbc.co.uk', port=80): Read timed out. (read timeout=5)")': /media/images/45427000/jpg/_45427999_hitachi226afp.jpg
2025-11-18 06:23:27,152 [WARNING] - Retrying (Retry(total=2, connect=None, read=None, redirect=None, status=None)) after connection broken by 'ReadTimeoutError("HTTPConnectionPool(host='news.bbcimg.co.uk', port=80): Read timed out. (read timeout=5)")': /media/images/60291000/jpg/_60291971_china2.jpg
2025-11-18 06:23:27,152 [WARNING] - Retrying (Retry(total=2, connect=None, read=None, redirect=None, status=None)) after connection broken by 'ReadTimeoutError("HTTPConnectionPool(host='news.bbcimg.co.uk', port=80): Read timed out. (read timeout=5)")': /media/images/49682000/jpg/_49682403_josephpeacock.jpg
2025-11-18 06:23:27,152 [WARNING] - Retrying (Retry(total=2, connect=None, read=None, redirect=None, status=None)) after connection broken by 'ReadTimeoutError("HTTPConnectionPool(host='news.bbcimg.co.uk', port=80): Read timed out. (read timeout=5)")': /media/images/51144000/jpg/_51144535_51144480.jpg
2025-11-18 06:23:27,152 [WARNING] - Retrying (Retry(total=2, connect=None, read=None, redirect=None, status=None)) after connection broken by 'ReadTimeoutError("HTTPConnectionPool(host='c.files.bbci.co.uk', port=80): Read timed out. (read timeout=5)")': /12411/production/_86196747_buggy.jpg
2025-11-18 06:23:32,070 [WARNING] - Retrying (Retry(total=1, connect=None, read=None, redirect=None, status=None)) after connection broken by 'ReadTimeoutError("HTTPConnectionPool(host='c.files.bbci.co.uk', port=80): Read timed out. (read timeout=5)")': /9A6C/production/_86423593_fgr016.jpg
2025-11-18 06:23:32,162 [WARNING] - Retrying (Retry(total=1, connect=None, read=None, redirect=None, status=None)) after connection broken by 'ReadTimeoutError("HTTPConnectionPool(host='c.files.bbci.co.uk', port=80): Read timed out. (read timeout=5)")': /5BCA/production/_85089432_thinkstockphotos-98973245.jpg
2025-11-18 06:23:32,394 [WARNING] - Retrying (Retry(total=1, connect=None, read=None, redirect=None, status=None)) after connection broken by 'ReadTimeoutError("HTTPConnectionPool(host='c.files.bbci.co.uk', port=80): Read timed out. (read timeout=5)")': /CE8A/production/_84147825_028026304-1.jpg
2025-11-18 06:23:32,727 [WARNING] - Retrying (Retry(total=1, connect=None, read=None, redirect=None, status=None)) after connection broken by 'ReadTimeoutError("HTTPConnectionPool(host='news.bbcimg.co.uk', port=80): Read timed out. (read timeout=5)")': /media/images/75467000/jpg/_75467014_rapeprotests.jpg
2025-11-18 06:23:32,746 [WARNING] - Retrying (Retry(total=1, connect=None, read=None, redirect=None, status=None)) after connection broken by 'ReadTimeoutError("HTTPConnectionPool(host='news.bbcimg.co.uk', port=80): Read timed out. (read timeout=5)")': /media/images/74863000/jpg/_74863984_163603823.jpg
2025-11-18 06:23:32,767 [WARNING] - Retrying (Retry(total=1, connect=None, read=None, redirect=None, status=None)) after connection broken by 'ReadTimeoutError("HTTPConnectionPool(host='news.bbcimg.co.uk', port=80): Read timed out. (read timeout=5)")': /media/images/50140000/jpg/_50140965_50140964.jpg
2025-11-18 06:23:32,767 [WARNING] - Retrying (Retry(total=1, connect=None, read=None, redirect=None, status=None)) after connection broken by 'ReadTimeoutError("HTTPConnectionPool(host='news.bbcimg.co.uk', port=80): Read timed out. (read timeout=5)")': /media/images/49739000/jpg/_49739763_010440138-1.jpg
2025-11-18 06:23:32,796 [WARNING] - Retrying (Retry(total=1, connect=None, read=None, redirect=None, status=None)) after connection broken by 'ReadTimeoutError("HTTPConnectionPool(host='news.bbcimg.co.uk', port=80): Read timed out. (read timeout=5)")': /media/images/50860000/jpg/_50860380_gullit_getty.jpg
2025-11-18 06:23:32,811 [WARNING] - Retrying (Retry(total=1, connect=None, read=None, redirect=None, status=None)) after connection broken by 'ReadTimeoutError("HTTPConnectionPool(host='newsimg.bbc.co.uk', port=80): Read timed out. (read timeout=5)")': /media/images/47465000/jpg/_47465244_mdr18-10kelvinfrancis.jpg
2025-11-18 06:23:32,811 [WARNING] - Retrying (Retry(total=1, connect=None, read=None, redirect=None, status=None)) after connection broken by 'ReadTimeoutError("HTTPConnectionPool(host='newsimg.bbc.co.uk', port=80): Read timed out. (read timeout=5)")': /media/images/45617000/jpg/_45617992__40955359_blood_new203-1.jpg
2025-11-18 06:23:32,811 [WARNING] - Retrying (Retry(total=1, connect=None, read=None, redirect=None, status=None)) after connection broken by 'ReadTimeoutError("HTTPConnectionPool(host='newsimg.bbc.co.uk', port=80): Read timed out. (read timeout=5)")': /media/images/45553000/jpg/_45553185_psniman.jpg
2025-11-18 06:23:32,811 [WARNING] - Retrying (Retry(total=1, connect=None, read=None, redirect=None, status=None)) after connection broken by 'ReadTimeoutError("HTTPConnectionPool(host='newsimg.bbc.co.uk', port=80): Read timed out. (read timeout=5)")': /media/images/45035000/jpg/_45035945_-27.jpg
2025-11-18 06:23:32,811 [WARNING] - Retrying (Retry(total=1, connect=None, read=None, redirect=None, status=None)) after connection broken by 'ReadTimeoutError("HTTPConnectionPool(host='newsimg.bbc.co.uk', port=80): Read timed out. (read timeout=5)")': /media/images/47104000/jpg/_47104699_caldwellaction.jpg
2025-11-18 06:23:32,812 [WARNING] - Retrying (Retry(total=1, connect=None, read=None, redirect=None, status=None)) after connection broken by 'ReadTimeoutError("HTTPConnectionPool(host='newsimg.bbc.co.uk', port=80): Read timed out. (read timeout=5)")': /media/images/46222000/jpg/_46222925_measuring226.jpg
2025-11-18 06:23:32,812 [WARNING] - Retrying (Retry(total=1, connect=None, read=None, redirect=None, status=None)) after connection broken by 'ReadTimeoutError("HTTPConnectionPool(host='c.files.bbci.co.uk', port=80): Read timed out. (read timeout=5)")': /12E55/production/_87179377_017861855-1.jpg
2025-11-18 06:23:32,812 [WARNING] - Retrying (Retry(total=1, connect=None, read=None, redirect=None, status=None)) after connection broken by 'ReadTimeoutError("HTTPConnectionPool(host='c.files.bbci.co.uk', port=80): Read timed out. (read timeout=5)")': /9170/production/_85123273_de27-4.jpg
2025-11-18 06:23:32,812 [WARNING] - Retrying (Retry(total=1, connect=None, read=None, redirect=None, status=None)) after connection broken by 'ReadTimeoutError("HTTPConnectionPool(host='newsimg.bbc.co.uk', port=80): Read timed out. (read timeout=5)")': /media/images/45105000/jpg/_45105744_reading226.jpg
2025-11-18 06:23:32,812 [WARNING] - Retrying (Retry(total=1, connect=None, read=None, redirect=None, status=None)) after connection broken by 'ReadTimeoutError("HTTPConnectionPool(host='newsimg.bbc.co.uk', port=80): Read timed out. (read timeout=5)")': /media/images/44333000/jpg/_44333713_barton203.jpg
2025-11-18 06:23:32,812 [WARNING] - Retrying (Retry(total=1, connect=None, read=None, redirect=None, status=None)) after connection broken by 'ReadTimeoutError("HTTPConnectionPool(host='newsimg.bbc.co.uk', port=80): Read timed out. (read timeout=5)")': /media/images/45497000/jpg/_45497477_000082142-1.jpg
2025-11-18 06:23:32,862 [WARNING] - Retrying (Retry(total=1, connect=None, read=None, redirect=None, status=None)) after connection broken by 'ReadTimeoutError("HTTPConnectionPool(host='newsimg.bbc.co.uk', port=80): Read timed out. (read timeout=5)")': /media/images/44283000/jpg/_44283579_yongbyon_ap203b.jpg
2025-11-18 06:23:32,878 [WARNING] - Retrying (Retry(total=1, connect=None, read=None, redirect=None, status=None)) after connection broken by 'ReadTimeoutError("HTTPConnectionPool(host='newsimg.bbc.co.uk', port=80): Read timed out. (read timeout=5)")': /media/images/47301000/jpg/_47301295__47096697__46432599_3930956387_7e3c852e1c_o-1-1-1.jpg
2025-11-18 06:23:32,878 [WARNING] - Retrying (Retry(total=1, connect=None, read=None, redirect=None, status=None)) after connection broken by 'ReadTimeoutError("HTTPConnectionPool(host='news.bbcimg.co.uk', port=80): Read timed out. (read timeout=5)")': /media/images/47531000/jpg/_47531866__46562474__46400595_claudianewpic-1-1.jpg
2025-11-18 06:23:32,895 [WARNING] - Retrying (Retry(total=1, connect=None, read=None, redirect=None, status=None)) after connection broken by 'ReadTimeoutError("HTTPConnectionPool(host='newsimg.bbc.co.uk', port=80): Read timed out. (read timeout=5)")': /media/images/45675000/jpg/_45675723_mossie.jpg
2025-11-18 06:23:33,164 [WARNING] - Retrying (Retry(total=1, connect=None, read=None, redirect=None, status=None)) after connection broken by 'ReadTimeoutError("HTTPConnectionPool(host='news.bbcimg.co.uk', port=80): Read timed out. (read timeout=5)")': /media/images/50123000/jpg/_50123474__loughinislandbar226.jpg
2025-11-18 06:23:33,164 [WARNING] - Retrying (Retry(total=1, connect=None, read=None, redirect=None, status=None)) after connection broken by 'ReadTimeoutError("HTTPConnectionPool(host='news.bbcimg.co.uk', port=80): Read timed out. (read timeout=5)")': /media/images/51144000/jpg/_51144535_51144480.jpg
2025-11-18 06:23:33,164 [WARNING] - Retrying (Retry(total=1, connect=None, read=None, redirect=None, status=None)) after connection broken by 'ReadTimeoutError("HTTPConnectionPool(host='newsimg.bbc.co.uk', port=80): Read timed out. (read timeout=5)")': /media/images/44009000/jpg/_44009013_sunbathers_beach203.jpg
2025-11-18 06:23:33,164 [WARNING] - Retrying (Retry(total=1, connect=None, read=None, redirect=None, status=None)) after connection broken by 'ReadTimeoutError("HTTPConnectionPool(host='newsimg.bbc.co.uk', port=80): Read timed out. (read timeout=5)")': /media/images/44973000/jpg/_44973776_-2.jpg
2025-11-18 06:23:33,164 [WARNING] - Retrying (Retry(total=1, connect=None, read=None, redirect=None, status=None)) after connection broken by 'ReadTimeoutError("HTTPConnectionPool(host='news.bbcimg.co.uk', port=80): Read timed out. (read timeout=5)")': /media/images/60291000/jpg/_60291971_china2.jpg
2025-11-18 06:23:33,164 [WARNING] - Retrying (Retry(total=1, connect=None, read=None, redirect=None, status=None)) after connection broken by 'ReadTimeoutError("HTTPConnectionPool(host='news.bbcimg.co.uk', port=80): Read timed out. (read timeout=5)")': /media/images/49682000/jpg/_49682403_josephpeacock.jpg
2025-11-18 06:23:33,164 [WARNING] - Retrying (Retry(total=1, connect=None, read=None, redirect=None, status=None)) after connection broken by 'ReadTimeoutError("HTTPConnectionPool(host='news.bbcimg.co.uk', port=80): Read timed out. (read timeout=5)")': /media/images/83062000/jpg/_83062951_cliffcrack_doug_chalk.jpg
2025-11-18 06:23:33,164 [WARNING] - Retrying (Retry(total=1, connect=None, read=None, redirect=None, status=None)) after connection broken by 'ReadTimeoutError("HTTPConnectionPool(host='newsimg.bbc.co.uk', port=80): Read timed out. (read timeout=5)")': /media/images/45427000/jpg/_45427999_hitachi226afp.jpg
2025-11-18 06:23:33,199 [WARNING] - Retrying (Retry(total=1, connect=None, read=None, redirect=None, status=None)) after connection broken by 'ReadTimeoutError("HTTPConnectionPool(host='c.files.bbci.co.uk', port=80): Read timed out. (read timeout=5)")': /12411/production/_86196747_buggy.jpg
2025-11-18 06:23:39,095 [WARNING] - Retrying (Retry(total=0, connect=None, read=None, redirect=None, status=None)) after connection broken by 'ReadTimeoutError("HTTPConnectionPool(host='c.files.bbci.co.uk', port=80): Read timed out. (read timeout=5)")': /9A6C/production/_86423593_fgr016.jpg
2025-11-18 06:23:39,177 [WARNING] - Retrying (Retry(total=0, connect=None, read=None, redirect=None, status=None)) after connection broken by 'ReadTimeoutError("HTTPConnectionPool(host='c.files.bbci.co.uk', port=80): Read timed out. (read timeout=5)")': /5BCA/production/_85089432_thinkstockphotos-98973245.jpg
2025-11-18 06:23:39,411 [WARNING] - Retrying (Retry(total=0, connect=None, read=None, redirect=None, status=None)) after connection broken by 'ReadTimeoutError("HTTPConnectionPool(host='c.files.bbci.co.uk', port=80): Read timed out. (read timeout=5)")': /CE8A/production/_84147825_028026304-1.jpg
2025-11-18 06:23:39,751 [WARNING] - Retrying (Retry(total=0, connect=None, read=None, redirect=None, status=None)) after connection broken by 'ReadTimeoutError("HTTPConnectionPool(host='news.bbcimg.co.uk', port=80): Read timed out. (read timeout=5)")': /media/images/75467000/jpg/_75467014_rapeprotests.jpg
2025-11-18 06:23:39,779 [WARNING] - Retrying (Retry(total=0, connect=None, read=None, redirect=None, status=None)) after connection broken by 'ReadTimeoutError("HTTPConnectionPool(host='news.bbcimg.co.uk', port=80): Read timed out. (read timeout=5)")': /media/images/50140000/jpg/_50140965_50140964.jpg
2025-11-18 06:23:39,779 [WARNING] - Retrying (Retry(total=0, connect=None, read=None, redirect=None, status=None)) after connection broken by 'ReadTimeoutError("HTTPConnectionPool(host='news.bbcimg.co.uk', port=80): Read timed out. (read timeout=5)")': /media/images/74863000/jpg/_74863984_163603823.jpg
2025-11-18 06:23:39,787 [WARNING] - Retrying (Retry(total=0, connect=None, read=None, redirect=None, status=None)) after connection broken by 'ReadTimeoutError("HTTPConnectionPool(host='news.bbcimg.co.uk', port=80): Read timed out. (read timeout=5)")': /media/images/49739000/jpg/_49739763_010440138-1.jpg
2025-11-18 06:23:39,816 [WARNING] - Retrying (Retry(total=0, connect=None, read=None, redirect=None, status=None)) after connection broken by 'ReadTimeoutError("HTTPConnectionPool(host='news.bbcimg.co.uk', port=80): Read timed out. (read timeout=5)")': /media/images/50860000/jpg/_50860380_gullit_getty.jpg
2025-11-18 06:23:39,830 [WARNING] - Retrying (Retry(total=0, connect=None, read=None, redirect=None, status=None)) after connection broken by 'ReadTimeoutError("HTTPConnectionPool(host='newsimg.bbc.co.uk', port=80): Read timed out. (read timeout=5)")': /media/images/45617000/jpg/_45617992__40955359_blood_new203-1.jpg
2025-11-18 06:23:39,830 [WARNING] - Retrying (Retry(total=0, connect=None, read=None, redirect=None, status=None)) after connection broken by 'ReadTimeoutError("HTTPConnectionPool(host='newsimg.bbc.co.uk', port=80): Read timed out. (read timeout=5)")': /media/images/45035000/jpg/_45035945_-27.jpg
2025-11-18 06:23:39,830 [WARNING] - Retrying (Retry(total=0, connect=None, read=None, redirect=None, status=None)) after connection broken by 'ReadTimeoutError("HTTPConnectionPool(host='newsimg.bbc.co.uk', port=80): Read timed out. (read timeout=5)")': /media/images/47104000/jpg/_47104699_caldwellaction.jpg
2025-11-18 06:23:39,830 [WARNING] - Retrying (Retry(total=0, connect=None, read=None, redirect=None, status=None)) after connection broken by 'ReadTimeoutError("HTTPConnectionPool(host='newsimg.bbc.co.uk', port=80): Read timed out. (read timeout=5)")': /media/images/45105000/jpg/_45105744_reading226.jpg
2025-11-18 06:23:39,830 [WARNING] - Retrying (Retry(total=0, connect=None, read=None, redirect=None, status=None)) after connection broken by 'ReadTimeoutError("HTTPConnectionPool(host='c.files.bbci.co.uk', port=80): Read timed out. (read timeout=5)")': /12E55/production/_87179377_017861855-1.jpg
2025-11-18 06:23:39,830 [WARNING] - Retrying (Retry(total=0, connect=None, read=None, redirect=None, status=None)) after connection broken by 'ReadTimeoutError("HTTPConnectionPool(host='newsimg.bbc.co.uk', port=80): Read timed out. (read timeout=5)")': /media/images/45553000/jpg/_45553185_psniman.jpg
2025-11-18 06:23:39,832 [WARNING] - Retrying (Retry(total=0, connect=None, read=None, redirect=None, status=None)) after connection broken by 'ReadTimeoutError("HTTPConnectionPool(host='newsimg.bbc.co.uk', port=80): Read timed out. (read timeout=5)")': /media/images/45497000/jpg/_45497477_000082142-1.jpg
2025-11-18 06:23:39,832 [WARNING] - Retrying (Retry(total=0, connect=None, read=None, redirect=None, status=None)) after connection broken by 'ReadTimeoutError("HTTPConnectionPool(host='newsimg.bbc.co.uk', port=80): Read timed out. (read timeout=5)")': /media/images/47465000/jpg/_47465244_mdr18-10kelvinfrancis.jpg
2025-11-18 06:23:39,832 [WARNING] - Retrying (Retry(total=0, connect=None, read=None, redirect=None, status=None)) after connection broken by 'ReadTimeoutError("HTTPConnectionPool(host='newsimg.bbc.co.uk', port=80): Read timed out. (read timeout=5)")': /media/images/46222000/jpg/_46222925_measuring226.jpg
2025-11-18 06:23:39,832 [WARNING] - Retrying (Retry(total=0, connect=None, read=None, redirect=None, status=None)) after connection broken by 'ReadTimeoutError("HTTPConnectionPool(host='newsimg.bbc.co.uk', port=80): Read timed out. (read timeout=5)")': /media/images/44333000/jpg/_44333713_barton203.jpg
2025-11-18 06:23:39,832 [WARNING] - Retrying (Retry(total=0, connect=None, read=None, redirect=None, status=None)) after connection broken by 'ReadTimeoutError("HTTPConnectionPool(host='c.files.bbci.co.uk', port=80): Read timed out. (read timeout=5)")': /9170/production/_85123273_de27-4.jpg
2025-11-18 06:23:39,881 [WARNING] - Retrying (Retry(total=0, connect=None, read=None, redirect=None, status=None)) after connection broken by 'ReadTimeoutError("HTTPConnectionPool(host='newsimg.bbc.co.uk', port=80): Read timed out. (read timeout=5)")': /media/images/44283000/jpg/_44283579_yongbyon_ap203b.jpg
2025-11-18 06:23:39,898 [WARNING] - Retrying (Retry(total=0, connect=None, read=None, redirect=None, status=None)) after connection broken by 'ReadTimeoutError("HTTPConnectionPool(host='news.bbcimg.co.uk', port=80): Read timed out. (read timeout=5)")': /media/images/47531000/jpg/_47531866__46562474__46400595_claudianewpic-1-1.jpg
2025-11-18 06:23:39,898 [WARNING] - Retrying (Retry(total=0, connect=None, read=None, redirect=None, status=None)) after connection broken by 'ReadTimeoutError("HTTPConnectionPool(host='newsimg.bbc.co.uk', port=80): Read timed out. (read timeout=5)")': /media/images/47301000/jpg/_47301295__47096697__46432599_3930956387_7e3c852e1c_o-1-1-1.jpg
2025-11-18 06:23:39,916 [WARNING] - Retrying (Retry(total=0, connect=None, read=None, redirect=None, status=None)) after connection broken by 'ReadTimeoutError("HTTPConnectionPool(host='newsimg.bbc.co.uk', port=80): Read timed out. (read timeout=5)")': /media/images/45675000/jpg/_45675723_mossie.jpg
2025-11-18 06:23:40,180 [WARNING] - Retrying (Retry(total=0, connect=None, read=None, redirect=None, status=None)) after connection broken by 'ReadTimeoutError("HTTPConnectionPool(host='news.bbcimg.co.uk', port=80): Read timed out. (read timeout=5)")': /media/images/60291000/jpg/_60291971_china2.jpg
2025-11-18 06:23:40,181 [WARNING] - Retrying (Retry(total=0, connect=None, read=None, redirect=None, status=None)) after connection broken by 'ReadTimeoutError("HTTPConnectionPool(host='newsimg.bbc.co.uk', port=80): Read timed out. (read timeout=5)")': /media/images/45427000/jpg/_45427999_hitachi226afp.jpg
2025-11-18 06:23:40,181 [WARNING] - Retrying (Retry(total=0, connect=None, read=None, redirect=None, status=None)) after connection broken by 'ReadTimeoutError("HTTPConnectionPool(host='news.bbcimg.co.uk', port=80): Read timed out. (read timeout=5)")': /media/images/49682000/jpg/_49682403_josephpeacock.jpg
2025-11-18 06:23:40,181 [WARNING] - Retrying (Retry(total=0, connect=None, read=None, redirect=None, status=None)) after connection broken by 'ReadTimeoutError("HTTPConnectionPool(host='news.bbcimg.co.uk', port=80): Read timed out. (read timeout=5)")': /media/images/51144000/jpg/_51144535_51144480.jpg
2025-11-18 06:23:40,181 [WARNING] - Retrying (Retry(total=0, connect=None, read=None, redirect=None, status=None)) after connection broken by 'ReadTimeoutError("HTTPConnectionPool(host='newsimg.bbc.co.uk', port=80): Read timed out. (read timeout=5)")': /media/images/44973000/jpg/_44973776_-2.jpg
2025-11-18 06:23:40,181 [WARNING] - Retrying (Retry(total=0, connect=None, read=None, redirect=None, status=None)) after connection broken by 'ReadTimeoutError("HTTPConnectionPool(host='news.bbcimg.co.uk', port=80): Read timed out. (read timeout=5)")': /media/images/50123000/jpg/_50123474__loughinislandbar226.jpg
2025-11-18 06:23:40,181 [WARNING] - Retrying (Retry(total=0, connect=None, read=None, redirect=None, status=None)) after connection broken by 'ReadTimeoutError("HTTPConnectionPool(host='newsimg.bbc.co.uk', port=80): Read timed out. (read timeout=5)")': /media/images/44009000/jpg/_44009013_sunbathers_beach203.jpg
2025-11-18 06:23:40,195 [WARNING] - Retrying (Retry(total=0, connect=None, read=None, redirect=None, status=None)) after connection broken by 'ReadTimeoutError("HTTPConnectionPool(host='news.bbcimg.co.uk', port=80): Read timed out. (read timeout=5)")': /media/images/83062000/jpg/_83062951_cliffcrack_doug_chalk.jpg
2025-11-18 06:23:40,215 [WARNING] - Retrying (Retry(total=0, connect=None, read=None, redirect=None, status=None)) after connection broken by 'ReadTimeoutError("HTTPConnectionPool(host='c.files.bbci.co.uk', port=80): Read timed out. (read timeout=5)")': /12411/production/_86196747_buggy.jpg
2025-11-18 06:25:28,613 [WARNING] - Retrying (Retry(total=2, connect=None, read=None, redirect=None, status=None)) after connection broken by 'ReadTimeoutError("HTTPConnectionPool(host='news.bbcimg.co.uk', port=80): Read timed out. (read timeout=5)")': /media/images/77984000/jpg/_77984854_gillette.jpg
2025-11-18 06:25:28,613 [WARNING] - Retrying (Retry(total=2, connect=None, read=None, redirect=None, status=None)) after connection broken by 'ReadTimeoutError("HTTPConnectionPool(host='newsimg.bbc.co.uk', port=80): Read timed out. (read timeout=5)")': /media/images/47024000/jpg/_47024190_002173467-1.jpg
2025-11-18 06:25:28,630 [WARNING] - Retrying (Retry(total=2, connect=None, read=None, redirect=None, status=None)) after connection broken by 'ReadTimeoutError("HTTPConnectionPool(host='newsimg.bbc.co.uk', port=80): Read timed out. (read timeout=5)")': /media/images/46476000/jpg/_46476156_p7027270.jpg
2025-11-18 06:25:28,630 [WARNING] - Retrying (Retry(total=2, connect=None, read=None, redirect=None, status=None)) after connection broken by 'ReadTimeoutError("HTTPConnectionPool(host='newsimg.bbc.co.uk', port=80): Read timed out. (read timeout=5)")': /media/images/47755000/jpg/_47755211_goa_fraud_fiona.jpg
2025-11-18 06:25:28,630 [WARNING] - Retrying (Retry(total=2, connect=None, read=None, redirect=None, status=None)) after connection broken by 'ReadTimeoutError("HTTPConnectionPool(host='news.bbcimg.co.uk', port=80): Read timed out. (read timeout=5)")': /media/images/50374000/jpg/_50374133_010800558-1.jpg
2025-11-18 06:25:28,630 [WARNING] - Retrying (Retry(total=2, connect=None, read=None, redirect=None, status=None)) after connection broken by 'ReadTimeoutError("HTTPConnectionPool(host='newsimg.bbc.co.uk', port=80): Read timed out. (read timeout=5)")': /media/images/42273000/jpg/_42273022_tapstwo_getty203jpg.jpg
2025-11-18 06:25:28,630 [WARNING] - Retrying (Retry(total=2, connect=None, read=None, redirect=None, status=None)) after connection broken by 'ReadTimeoutError("HTTPConnectionPool(host='newsimg.bbc.co.uk', port=80): Read timed out. (read timeout=5)")': /media/images/47199000/jpg/_47199467_005745824-1.jpg
2025-11-18 06:25:28,630 [WARNING] - Retrying (Retry(total=2, connect=None, read=None, redirect=None, status=None)) after connection broken by 'ReadTimeoutError("HTTPConnectionPool(host='newsimg.bbc.co.uk', port=80): Read timed out. (read timeout=5)")': /media/images/47461000/jpg/_47461392_jex_5831_de55-1.jpg
2025-11-18 06:25:28,630 [WARNING] - Retrying (Retry(total=2, connect=None, read=None, redirect=None, status=None)) after connection broken by 'ReadTimeoutError("HTTPConnectionPool(host='newsimg.bbc.co.uk', port=80): Read timed out. (read timeout=5)")': /media/images/46053000/jpg/_46053361_006884059-1.jpg
2025-11-18 06:25:28,630 [WARNING] - Retrying (Retry(total=2, connect=None, read=None, redirect=None, status=None)) after connection broken by 'ReadTimeoutError("HTTPConnectionPool(host='newsimg.bbc.co.uk', port=80): Read timed out. (read timeout=5)")': /media/images/45565000/jpg/_45565690_jameswatt_chantrey282.jpg
2025-11-18 06:25:28,630 [WARNING] - Retrying (Retry(total=2, connect=None, read=None, redirect=None, status=None)) after connection broken by 'ReadTimeoutError("HTTPConnectionPool(host='newsimg.bbc.co.uk', port=80): Read timed out. (read timeout=5)")': /media/images/44760000/jpg/_44760713_44760545.jpg
2025-11-18 06:25:28,630 [WARNING] - Retrying (Retry(total=2, connect=None, read=None, redirect=None, status=None)) after connection broken by 'ReadTimeoutError("HTTPConnectionPool(host='newsimg.bbc.co.uk', port=80): Read timed out. (read timeout=5)")': /media/images/44900000/jpg/_44900767_jasonmacintyre_226.jpg
2025-11-18 06:25:28,630 [WARNING] - Retrying (Retry(total=2, connect=None, read=None, redirect=None, status=None)) after connection broken by 'ReadTimeoutError("HTTPConnectionPool(host='newsimg.bbc.co.uk', port=80): Read timed out. (read timeout=5)")': /media/images/47398000/jpg/_47398076_junk.jpg
2025-11-18 06:25:28,681 [WARNING] - Retrying (Retry(total=2, connect=None, read=None, redirect=None, status=None)) after connection broken by 'ReadTimeoutError("HTTPConnectionPool(host='newsimg.bbc.co.uk', port=80): Read timed out. (read timeout=5)")': /media/images/42489000/jpg/_42489206_shopsap203jpg.jpg
2025-11-18 06:25:28,697 [WARNING] - Retrying (Retry(total=2, connect=None, read=None, redirect=None, status=None)) after connection broken by 'ReadTimeoutError("HTTPConnectionPool(host='newsimg.bbc.co.uk', port=80): Read timed out. (read timeout=5)")': /media/images/44062000/jpg/_44062849_sanluca_ap203b.jpg
2025-11-18 06:25:28,730 [WARNING] - Retrying (Retry(total=2, connect=None, read=None, redirect=None, status=None)) after connection broken by 'ReadTimeoutError("HTTPConnectionPool(host='newsimg.bbc.co.uk', port=80): Read timed out. (read timeout=5)")': /media/images/45994000/jpg/_45994862_007581929-1.jpg
2025-11-18 06:25:28,730 [WARNING] - Retrying (Retry(total=2, connect=None, read=None, redirect=None, status=None)) after connection broken by 'ReadTimeoutError("HTTPConnectionPool(host='newsimg.bbc.co.uk', port=80): Read timed out. (read timeout=5)")': /media/images/42641000/jpg/_42641329_mancnice203.jpg
2025-11-18 06:25:28,730 [WARNING] - Retrying (Retry(total=2, connect=None, read=None, redirect=None, status=None)) after connection broken by 'ReadTimeoutError("HTTPConnectionPool(host='news.bbcimg.co.uk', port=80): Read timed out. (read timeout=5)")': /media/images/48211000/jpg/_48211088_009609629-1.jpg
2025-11-18 06:25:28,730 [WARNING] - Retrying (Retry(total=2, connect=None, read=None, redirect=None, status=None)) after connection broken by 'ReadTimeoutError("HTTPConnectionPool(host='news.bbcimg.co.uk', port=80): Read timed out. (read timeout=5)")': /media/images/47990000/jpg/_47990208_celticmanor466pa.jpg
2025-11-18 06:25:28,783 [WARNING] - Retrying (Retry(total=2, connect=None, read=None, redirect=None, status=None)) after connection broken by 'ReadTimeoutError("HTTPConnectionPool(host='newsimg.bbc.co.uk', port=80): Read timed out. (read timeout=5)")': /media/images/44316000/jpg/_44316368_203daubed.jpg
2025-11-18 06:25:28,783 [WARNING] - Retrying (Retry(total=2, connect=None, read=None, redirect=None, status=None)) after connection broken by 'ReadTimeoutError("HTTPConnectionPool(host='newsimg.bbc.co.uk', port=80): Read timed out. (read timeout=5)")': /media/images/45503000/jpg/_45503844_jex_296376_de27-1.jpg
2025-11-18 06:25:28,783 [WARNING] - Retrying (Retry(total=2, connect=None, read=None, redirect=None, status=None)) after connection broken by 'ReadTimeoutError("HTTPConnectionPool(host='newsimg.bbc.co.uk', port=80): Read timed out. (read timeout=5)")': /media/images/42711000/jpg/_42711411_adam_regis203.jpg
2025-11-18 06:25:28,783 [WARNING] - Retrying (Retry(total=2, connect=None, read=None, redirect=None, status=None)) after connection broken by 'ReadTimeoutError("HTTPConnectionPool(host='c.files.bbci.co.uk', port=80): Read timed out. (read timeout=5)")': /5E32/production/_86141142_christian2.jpg
2025-11-18 06:25:28,816 [WARNING] - Retrying (Retry(total=2, connect=None, read=None, redirect=None, status=None)) after connection broken by 'ReadTimeoutError("HTTPConnectionPool(host='news.bbcimg.co.uk', port=80): Read timed out. (read timeout=5)")': /media/images/68610000/jpg/_68610801_68609960.jpg
2025-11-18 06:25:28,831 [WARNING] - Retrying (Retry(total=2, connect=None, read=None, redirect=None, status=None)) after connection broken by 'ReadTimeoutError("HTTPConnectionPool(host='newsimg.bbc.co.uk', port=80): Read timed out. (read timeout=5)")': /media/images/44707000/jpg/_44707177_olmert_getty_226b.jpg
2025-11-18 06:25:28,902 [WARNING] - Retrying (Retry(total=2, connect=None, read=None, redirect=None, status=None)) after connection broken by 'ReadTimeoutError("HTTPConnectionPool(host='news.bbcimg.co.uk', port=80): Read timed out. (read timeout=5)")': /media/images/72208000/jpg/_72208409_cymru-cardiffexpresslaunch-bus&airport-july2013.jpg
2025-11-18 06:25:28,913 [WARNING] - Retrying (Retry(total=2, connect=None, read=None, redirect=None, status=None)) after connection broken by 'ReadTimeoutError("HTTPConnectionPool(host='newsimg.bbc.co.uk', port=80): Read timed out. (read timeout=5)")': /media/images/47332000/jpg/_47332417_hoard.jpg
2025-11-18 06:25:28,914 [WARNING] - Retrying (Retry(total=2, connect=None, read=None, redirect=None, status=None)) after connection broken by 'ReadTimeoutError("HTTPConnectionPool(host='news.bbcimg.co.uk', port=80): Read timed out. (read timeout=5)")': /media/images/59825000/gif/_59825850_untitled-2.gif
2025-11-18 06:25:28,951 [WARNING] - Retrying (Retry(total=2, connect=None, read=None, redirect=None, status=None)) after connection broken by 'ReadTimeoutError("HTTPConnectionPool(host='newsimg.bbc.co.uk', port=80): Read timed out. (read timeout=5)")': /media/images/47518000/jpg/_47518645_sainsburn_220310_lunch_rushes.jpg
2025-11-18 06:25:28,951 [WARNING] - Retrying (Retry(total=2, connect=None, read=None, redirect=None, status=None)) after connection broken by 'ReadTimeoutError("HTTPConnectionPool(host='newsimg.bbc.co.uk', port=80): Read timed out. (read timeout=5)")': /media/images/46640000/jpg/_46640518_81850eb7-36cc-4d2f-bc42-e2f2ae8e8742.jpg
2025-11-18 06:25:28,951 [WARNING] - Retrying (Retry(total=2, connect=None, read=None, redirect=None, status=None)) after connection broken by 'ReadTimeoutError("HTTPConnectionPool(host='newsimg.bbc.co.uk', port=80): Read timed out. (read timeout=5)")': /media/images/47457000/jpg/_47457392_school_bnp226b_pa.jpg
2025-11-18 06:25:29,046 [WARNING] - Retrying (Retry(total=2, connect=None, read=None, redirect=None, status=None)) after connection broken by 'ReadTimeoutError("HTTPConnectionPool(host='news.bbcimg.co.uk', port=80): Read timed out. (read timeout=5)")': /media/images/52699000/jpg/_52699550_bt.jpg
2025-11-18 06:25:34,695 [WARNING] - Retrying (Retry(total=1, connect=None, read=None, redirect=None, status=None)) after connection broken by 'ReadTimeoutError("HTTPConnectionPool(host='news.bbcimg.co.uk', port=80): Read timed out. (read timeout=5)")': /media/images/50374000/jpg/_50374133_010800558-1.jpg
2025-11-18 06:25:34,712 [WARNING] - Retrying (Retry(total=1, connect=None, read=None, redirect=None, status=None)) after connection broken by 'ReadTimeoutError("HTTPConnectionPool(host='news.bbcimg.co.uk', port=80): Read timed out. (read timeout=5)")': /media/images/77984000/jpg/_77984854_gillette.jpg
2025-11-18 06:25:34,744 [WARNING] - Retrying (Retry(total=1, connect=None, read=None, redirect=None, status=None)) after connection broken by 'ReadTimeoutError("HTTPConnectionPool(host='news.bbcimg.co.uk', port=80): Read timed out. (read timeout=5)")': /media/images/48211000/jpg/_48211088_009609629-1.jpg
2025-11-18 06:25:34,744 [WARNING] - Retrying (Retry(total=1, connect=None, read=None, redirect=None, status=None)) after connection broken by 'ReadTimeoutError("HTTPConnectionPool(host='news.bbcimg.co.uk', port=80): Read timed out. (read timeout=5)")': /media/images/47990000/jpg/_47990208_celticmanor466pa.jpg
2025-11-18 06:25:34,830 [WARNING] - Retrying (Retry(total=1, connect=None, read=None, redirect=None, status=None)) after connection broken by 'ReadTimeoutError("HTTPConnectionPool(host='news.bbcimg.co.uk', port=80): Read timed out. (read timeout=5)")': /media/images/68610000/jpg/_68610801_68609960.jpg
2025-11-18 06:25:34,879 [WARNING] - Retrying (Retry(total=1, connect=None, read=None, redirect=None, status=None)) after connection broken by 'ReadTimeoutError("HTTPConnectionPool(host='newsimg.bbc.co.uk', port=80): Read timed out. (read timeout=5)")': /media/images/44760000/jpg/_44760713_44760545.jpg
2025-11-18 06:25:34,879 [WARNING] - Retrying (Retry(total=1, connect=None, read=None, redirect=None, status=None)) after connection broken by 'ReadTimeoutError("HTTPConnectionPool(host='newsimg.bbc.co.uk', port=80): Read timed out. (read timeout=5)")': /media/images/46053000/jpg/_46053361_006884059-1.jpg
2025-11-18 06:25:34,879 [WARNING] - Retrying (Retry(total=1, connect=None, read=None, redirect=None, status=None)) after connection broken by 'ReadTimeoutError("HTTPConnectionPool(host='newsimg.bbc.co.uk', port=80): Read timed out. (read timeout=5)")': /media/images/47024000/jpg/_47024190_002173467-1.jpg
2025-11-18 06:25:34,880 [WARNING] - Retrying (Retry(total=1, connect=None, read=None, redirect=None, status=None)) after connection broken by 'ReadTimeoutError("HTTPConnectionPool(host='c.files.bbci.co.uk', port=80): Read timed out. (read timeout=5)")': /5E32/production/_86141142_christian2.jpg
2025-11-18 06:25:34,880 [WARNING] - Retrying (Retry(total=1, connect=None, read=None, redirect=None, status=None)) after connection broken by 'ReadTimeoutError("HTTPConnectionPool(host='newsimg.bbc.co.uk', port=80): Read timed out. (read timeout=5)")': /media/images/45994000/jpg/_45994862_007581929-1.jpg
2025-11-18 06:25:34,880 [WARNING] - Retrying (Retry(total=1, connect=None, read=None, redirect=None, status=None)) after connection broken by 'ReadTimeoutError("HTTPConnectionPool(host='newsimg.bbc.co.uk', port=80): Read timed out. (read timeout=5)")': /media/images/44707000/jpg/_44707177_olmert_getty_226b.jpg
2025-11-18 06:25:34,880 [WARNING] - Retrying (Retry(total=1, connect=None, read=None, redirect=None, status=None)) after connection broken by 'ReadTimeoutError("HTTPConnectionPool(host='newsimg.bbc.co.uk', port=80): Read timed out. (read timeout=5)")': /media/images/47199000/jpg/_47199467_005745824-1.jpg
2025-11-18 06:25:34,880 [WARNING] - Retrying (Retry(total=1, connect=None, read=None, redirect=None, status=None)) after connection broken by 'ReadTimeoutError("HTTPConnectionPool(host='newsimg.bbc.co.uk', port=80): Read timed out. (read timeout=5)")': /media/images/42641000/jpg/_42641329_mancnice203.jpg
2025-11-18 06:25:34,888 [WARNING] - Retrying (Retry(total=1, connect=None, read=None, redirect=None, status=None)) after connection broken by 'ReadTimeoutError("HTTPConnectionPool(host='newsimg.bbc.co.uk', port=80): Read timed out. (read timeout=5)")': /media/images/42489000/jpg/_42489206_shopsap203jpg.jpg
2025-11-18 06:25:34,888 [WARNING] - Retrying (Retry(total=1, connect=None, read=None, redirect=None, status=None)) after connection broken by 'ReadTimeoutError("HTTPConnectionPool(host='newsimg.bbc.co.uk', port=80): Read timed out. (read timeout=5)")': /media/images/47755000/jpg/_47755211_goa_fraud_fiona.jpg
2025-11-18 06:25:34,888 [WARNING] - Retrying (Retry(total=1, connect=None, read=None, redirect=None, status=None)) after connection broken by 'ReadTimeoutError("HTTPConnectionPool(host='newsimg.bbc.co.uk', port=80): Read timed out. (read timeout=5)")': /media/images/47398000/jpg/_47398076_junk.jpg
2025-11-18 06:25:34,888 [WARNING] - Retrying (Retry(total=1, connect=None, read=None, redirect=None, status=None)) after connection broken by 'ReadTimeoutError("HTTPConnectionPool(host='newsimg.bbc.co.uk', port=80): Read timed out. (read timeout=5)")': /media/images/44316000/jpg/_44316368_203daubed.jpg
2025-11-18 06:25:34,888 [WARNING] - Retrying (Retry(total=1, connect=None, read=None, redirect=None, status=None)) after connection broken by 'ReadTimeoutError("HTTPConnectionPool(host='newsimg.bbc.co.uk', port=80): Read timed out. (read timeout=5)")': /media/images/47461000/jpg/_47461392_jex_5831_de55-1.jpg
2025-11-18 06:25:34,888 [WARNING] - Retrying (Retry(total=1, connect=None, read=None, redirect=None, status=None)) after connection broken by 'ReadTimeoutError("HTTPConnectionPool(host='newsimg.bbc.co.uk', port=80): Read timed out. (read timeout=5)")': /media/images/44062000/jpg/_44062849_sanluca_ap203b.jpg
2025-11-18 06:25:34,888 [WARNING] - Retrying (Retry(total=1, connect=None, read=None, redirect=None, status=None)) after connection broken by 'ReadTimeoutError("HTTPConnectionPool(host='newsimg.bbc.co.uk', port=80): Read timed out. (read timeout=5)")': /media/images/45503000/jpg/_45503844_jex_296376_de27-1.jpg
2025-11-18 06:25:34,888 [WARNING] - Retrying (Retry(total=1, connect=None, read=None, redirect=None, status=None)) after connection broken by 'ReadTimeoutError("HTTPConnectionPool(host='newsimg.bbc.co.uk', port=80): Read timed out. (read timeout=5)")': /media/images/45565000/jpg/_45565690_jameswatt_chantrey282.jpg
2025-11-18 06:25:34,888 [WARNING] - Retrying (Retry(total=1, connect=None, read=None, redirect=None, status=None)) after connection broken by 'ReadTimeoutError("HTTPConnectionPool(host='newsimg.bbc.co.uk', port=80): Read timed out. (read timeout=5)")': /media/images/46476000/jpg/_46476156_p7027270.jpg
2025-11-18 06:25:34,888 [WARNING] - Retrying (Retry(total=1, connect=None, read=None, redirect=None, status=None)) after connection broken by 'ReadTimeoutError("HTTPConnectionPool(host='newsimg.bbc.co.uk', port=80): Read timed out. (read timeout=5)")': /media/images/42711000/jpg/_42711411_adam_regis203.jpg
2025-11-18 06:25:34,888 [WARNING] - Retrying (Retry(total=1, connect=None, read=None, redirect=None, status=None)) after connection broken by 'ReadTimeoutError("HTTPConnectionPool(host='newsimg.bbc.co.uk', port=80): Read timed out. (read timeout=5)")': /media/images/44900000/jpg/_44900767_jasonmacintyre_226.jpg
2025-11-18 06:25:34,888 [WARNING] - Retrying (Retry(total=1, connect=None, read=None, redirect=None, status=None)) after connection broken by 'ReadTimeoutError("HTTPConnectionPool(host='newsimg.bbc.co.uk', port=80): Read timed out. (read timeout=5)")': /media/images/42273000/jpg/_42273022_tapstwo_getty203jpg.jpg
2025-11-18 06:25:34,915 [WARNING] - Retrying (Retry(total=1, connect=None, read=None, redirect=None, status=None)) after connection broken by 'ReadTimeoutError("HTTPConnectionPool(host='news.bbcimg.co.uk', port=80): Read timed out. (read timeout=5)")': /media/images/72208000/jpg/_72208409_cymru-cardiffexpresslaunch-bus&airport-july2013.jpg
2025-11-18 06:25:34,930 [WARNING] - Retrying (Retry(total=1, connect=None, read=None, redirect=None, status=None)) after connection broken by 'ReadTimeoutError("HTTPConnectionPool(host='news.bbcimg.co.uk', port=80): Read timed out. (read timeout=5)")': /media/images/59825000/gif/_59825850_untitled-2.gif
2025-11-18 06:25:34,930 [WARNING] - Retrying (Retry(total=1, connect=None, read=None, redirect=None, status=None)) after connection broken by 'ReadTimeoutError("HTTPConnectionPool(host='newsimg.bbc.co.uk', port=80): Read timed out. (read timeout=5)")': /media/images/47332000/jpg/_47332417_hoard.jpg
2025-11-18 06:25:34,963 [WARNING] - Retrying (Retry(total=1, connect=None, read=None, redirect=None, status=None)) after connection broken by 'ReadTimeoutError("HTTPConnectionPool(host='newsimg.bbc.co.uk', port=80): Read timed out. (read timeout=5)")': /media/images/46640000/jpg/_46640518_81850eb7-36cc-4d2f-bc42-e2f2ae8e8742.jpg
2025-11-18 06:25:34,963 [WARNING] - Retrying (Retry(total=1, connect=None, read=None, redirect=None, status=None)) after connection broken by 'ReadTimeoutError("HTTPConnectionPool(host='newsimg.bbc.co.uk', port=80): Read timed out. (read timeout=5)")': /media/images/47457000/jpg/_47457392_school_bnp226b_pa.jpg
2025-11-18 06:25:34,963 [WARNING] - Retrying (Retry(total=1, connect=None, read=None, redirect=None, status=None)) after connection broken by 'ReadTimeoutError("HTTPConnectionPool(host='newsimg.bbc.co.uk', port=80): Read timed out. (read timeout=5)")': /media/images/47518000/jpg/_47518645_sainsburn_220310_lunch_rushes.jpg
2025-11-18 06:25:35,051 [WARNING] - Retrying (Retry(total=1, connect=None, read=None, redirect=None, status=None)) after connection broken by 'ReadTimeoutError("HTTPConnectionPool(host='news.bbcimg.co.uk', port=80): Read timed out. (read timeout=5)")': /media/images/52699000/jpg/_52699550_bt.jpg
2025-11-18 06:25:41,714 [WARNING] - Retrying (Retry(total=0, connect=None, read=None, redirect=None, status=None)) after connection broken by 'ReadTimeoutError("HTTPConnectionPool(host='news.bbcimg.co.uk', port=80): Read timed out. (read timeout=5)")': /media/images/50374000/jpg/_50374133_010800558-1.jpg
2025-11-18 06:25:41,745 [WARNING] - Retrying (Retry(total=0, connect=None, read=None, redirect=None, status=None)) after connection broken by 'ReadTimeoutError("HTTPConnectionPool(host='news.bbcimg.co.uk', port=80): Read timed out. (read timeout=5)")': /media/images/77984000/jpg/_77984854_gillette.jpg
2025-11-18 06:25:41,748 [WARNING] - Retrying (Retry(total=0, connect=None, read=None, redirect=None, status=None)) after connection broken by 'ReadTimeoutError("HTTPConnectionPool(host='news.bbcimg.co.uk', port=80): Read timed out. (read timeout=5)")': /media/images/47990000/jpg/_47990208_celticmanor466pa.jpg
2025-11-18 06:25:41,748 [WARNING] - Retrying (Retry(total=0, connect=None, read=None, redirect=None, status=None)) after connection broken by 'ReadTimeoutError("HTTPConnectionPool(host='news.bbcimg.co.uk', port=80): Read timed out. (read timeout=5)")': /media/images/48211000/jpg/_48211088_009609629-1.jpg
2025-11-18 06:25:41,847 [WARNING] - Retrying (Retry(total=0, connect=None, read=None, redirect=None, status=None)) after connection broken by 'ReadTimeoutError("HTTPConnectionPool(host='news.bbcimg.co.uk', port=80): Read timed out. (read timeout=5)")': /media/images/68610000/jpg/_68610801_68609960.jpg
2025-11-18 06:25:41,896 [WARNING] - Retrying (Retry(total=0, connect=None, read=None, redirect=None, status=None)) after connection broken by 'ReadTimeoutError("HTTPConnectionPool(host='newsimg.bbc.co.uk', port=80): Read timed out. (read timeout=5)")': /media/images/47199000/jpg/_47199467_005745824-1.jpg
2025-11-18 06:25:41,896 [WARNING] - Retrying (Retry(total=0, connect=None, read=None, redirect=None, status=None)) after connection broken by 'ReadTimeoutError("HTTPConnectionPool(host='newsimg.bbc.co.uk', port=80): Read timed out. (read timeout=5)")': /media/images/47755000/jpg/_47755211_goa_fraud_fiona.jpg
2025-11-18 06:25:41,896 [WARNING] - Retrying (Retry(total=0, connect=None, read=None, redirect=None, status=None)) after connection broken by 'ReadTimeoutError("HTTPConnectionPool(host='newsimg.bbc.co.uk', port=80): Read timed out. (read timeout=5)")': /media/images/44760000/jpg/_44760713_44760545.jpg
2025-11-18 06:25:41,897 [WARNING] - Retrying (Retry(total=0, connect=None, read=None, redirect=None, status=None)) after connection broken by 'ReadTimeoutError("HTTPConnectionPool(host='newsimg.bbc.co.uk', port=80): Read timed out. (read timeout=5)")': /media/images/47398000/jpg/_47398076_junk.jpg
2025-11-18 06:25:41,897 [WARNING] - Retrying (Retry(total=0, connect=None, read=None, redirect=None, status=None)) after connection broken by 'ReadTimeoutError("HTTPConnectionPool(host='newsimg.bbc.co.uk', port=80): Read timed out. (read timeout=5)")': /media/images/47024000/jpg/_47024190_002173467-1.jpg
2025-11-18 06:25:41,897 [WARNING] - Retrying (Retry(total=0, connect=None, read=None, redirect=None, status=None)) after connection broken by 'ReadTimeoutError("HTTPConnectionPool(host='newsimg.bbc.co.uk', port=80): Read timed out. (read timeout=5)")': /media/images/47461000/jpg/_47461392_jex_5831_de55-1.jpg
2025-11-18 06:25:41,897 [WARNING] - Retrying (Retry(total=0, connect=None, read=None, redirect=None, status=None)) after connection broken by 'ReadTimeoutError("HTTPConnectionPool(host='newsimg.bbc.co.uk', port=80): Read timed out. (read timeout=5)")': /media/images/44316000/jpg/_44316368_203daubed.jpg
2025-11-18 06:25:41,897 [WARNING] - Retrying (Retry(total=0, connect=None, read=None, redirect=None, status=None)) after connection broken by 'ReadTimeoutError("HTTPConnectionPool(host='newsimg.bbc.co.uk', port=80): Read timed out. (read timeout=5)")': /media/images/42489000/jpg/_42489206_shopsap203jpg.jpg
2025-11-18 06:25:41,897 [WARNING] - Retrying (Retry(total=0, connect=None, read=None, redirect=None, status=None)) after connection broken by 'ReadTimeoutError("HTTPConnectionPool(host='c.files.bbci.co.uk', port=80): Read timed out. (read timeout=5)")': /5E32/production/_86141142_christian2.jpg
2025-11-18 06:25:41,903 [WARNING] - Retrying (Retry(total=0, connect=None, read=None, redirect=None, status=None)) after connection broken by 'ReadTimeoutError("HTTPConnectionPool(host='newsimg.bbc.co.uk', port=80): Read timed out. (read timeout=5)")': /media/images/46053000/jpg/_46053361_006884059-1.jpg
2025-11-18 06:25:41,903 [WARNING] - Retrying (Retry(total=0, connect=None, read=None, redirect=None, status=None)) after connection broken by 'ReadTimeoutError("HTTPConnectionPool(host='newsimg.bbc.co.uk', port=80): Read timed out. (read timeout=5)")': /media/images/44707000/jpg/_44707177_olmert_getty_226b.jpg
2025-11-18 06:25:41,903 [WARNING] - Retrying (Retry(total=0, connect=None, read=None, redirect=None, status=None)) after connection broken by 'ReadTimeoutError("HTTPConnectionPool(host='newsimg.bbc.co.uk', port=80): Read timed out. (read timeout=5)")': /media/images/45503000/jpg/_45503844_jex_296376_de27-1.jpg
2025-11-18 06:25:41,903 [WARNING] - Retrying (Retry(total=0, connect=None, read=None, redirect=None, status=None)) after connection broken by 'ReadTimeoutError("HTTPConnectionPool(host='newsimg.bbc.co.uk', port=80): Read timed out. (read timeout=5)")': /media/images/46476000/jpg/_46476156_p7027270.jpg
2025-11-18 06:25:41,903 [WARNING] - Retrying (Retry(total=0, connect=None, read=None, redirect=None, status=None)) after connection broken by 'ReadTimeoutError("HTTPConnectionPool(host='newsimg.bbc.co.uk', port=80): Read timed out. (read timeout=5)")': /media/images/45994000/jpg/_45994862_007581929-1.jpg
2025-11-18 06:25:41,903 [WARNING] - Retrying (Retry(total=0, connect=None, read=None, redirect=None, status=None)) after connection broken by 'ReadTimeoutError("HTTPConnectionPool(host='newsimg.bbc.co.uk', port=80): Read timed out. (read timeout=5)")': /media/images/44062000/jpg/_44062849_sanluca_ap203b.jpg
2025-11-18 06:25:41,903 [WARNING] - Retrying (Retry(total=0, connect=None, read=None, redirect=None, status=None)) after connection broken by 'ReadTimeoutError("HTTPConnectionPool(host='newsimg.bbc.co.uk', port=80): Read timed out. (read timeout=5)")': /media/images/45565000/jpg/_45565690_jameswatt_chantrey282.jpg
2025-11-18 06:25:41,918 [WARNING] - Retrying (Retry(total=0, connect=None, read=None, redirect=None, status=None)) after connection broken by 'ReadTimeoutError("HTTPConnectionPool(host='newsimg.bbc.co.uk', port=80): Read timed out. (read timeout=5)")': /media/images/42711000/jpg/_42711411_adam_regis203.jpg
2025-11-18 06:25:41,918 [WARNING] - Retrying (Retry(total=0, connect=None, read=None, redirect=None, status=None)) after connection broken by 'ReadTimeoutError("HTTPConnectionPool(host='newsimg.bbc.co.uk', port=80): Read timed out. (read timeout=5)")': /media/images/42641000/jpg/_42641329_mancnice203.jpg
2025-11-18 06:25:41,918 [WARNING] - Retrying (Retry(total=0, connect=None, read=None, redirect=None, status=None)) after connection broken by 'ReadTimeoutError("HTTPConnectionPool(host='newsimg.bbc.co.uk', port=80): Read timed out. (read timeout=5)")': /media/images/44900000/jpg/_44900767_jasonmacintyre_226.jpg
2025-11-18 06:25:41,930 [WARNING] - Retrying (Retry(total=0, connect=None, read=None, redirect=None, status=None)) after connection broken by 'ReadTimeoutError("HTTPConnectionPool(host='newsimg.bbc.co.uk', port=80): Read timed out. (read timeout=5)")': /media/images/42273000/jpg/_42273022_tapstwo_getty203jpg.jpg
2025-11-18 06:25:41,948 [WARNING] - Retrying (Retry(total=0, connect=None, read=None, redirect=None, status=None)) after connection broken by 'ReadTimeoutError("HTTPConnectionPool(host='newsimg.bbc.co.uk', port=80): Read timed out. (read timeout=5)")': /media/images/47332000/jpg/_47332417_hoard.jpg
2025-11-18 06:25:41,948 [WARNING] - Retrying (Retry(total=0, connect=None, read=None, redirect=None, status=None)) after connection broken by 'ReadTimeoutError("HTTPConnectionPool(host='news.bbcimg.co.uk', port=80): Read timed out. (read timeout=5)")': /media/images/72208000/jpg/_72208409_cymru-cardiffexpresslaunch-bus&airport-july2013.jpg
2025-11-18 06:25:41,965 [WARNING] - Retrying (Retry(total=0, connect=None, read=None, redirect=None, status=None)) after connection broken by 'ReadTimeoutError("HTTPConnectionPool(host='news.bbcimg.co.uk', port=80): Read timed out. (read timeout=5)")': /media/images/59825000/gif/_59825850_untitled-2.gif
2025-11-18 06:25:41,980 [WARNING] - Retrying (Retry(total=0, connect=None, read=None, redirect=None, status=None)) after connection broken by 'ReadTimeoutError("HTTPConnectionPool(host='newsimg.bbc.co.uk', port=80): Read timed out. (read timeout=5)")': /media/images/47518000/jpg/_47518645_sainsburn_220310_lunch_rushes.jpg
2025-11-18 06:25:41,980 [WARNING] - Retrying (Retry(total=0, connect=None, read=None, redirect=None, status=None)) after connection broken by 'ReadTimeoutError("HTTPConnectionPool(host='newsimg.bbc.co.uk', port=80): Read timed out. (read timeout=5)")': /media/images/47457000/jpg/_47457392_school_bnp226b_pa.jpg
2025-11-18 06:25:41,996 [WARNING] - Retrying (Retry(total=0, connect=None, read=None, redirect=None, status=None)) after connection broken by 'ReadTimeoutError("HTTPConnectionPool(host='newsimg.bbc.co.uk', port=80): Read timed out. (read timeout=5)")': /media/images/46640000/jpg/_46640518_81850eb7-36cc-4d2f-bc42-e2f2ae8e8742.jpg
2025-11-18 06:25:42,080 [WARNING] - Retrying (Retry(total=0, connect=None, read=None, redirect=None, status=None)) after connection broken by 'ReadTimeoutError("HTTPConnectionPool(host='news.bbcimg.co.uk', port=80): Read timed out. (read timeout=5)")': /media/images/52699000/jpg/_52699550_bt.jpg
2025-11-18 06:29:32,443 [WARNING] - Retrying (Retry(total=2, connect=None, read=None, redirect=None, status=None)) after connection broken by 'ReadTimeoutError("HTTPConnectionPool(host='c.files.bbci.co.uk', port=80): Read timed out. (read timeout=5)")': /3C71/production/_85837451_birds.jpg
2025-11-18 06:29:32,924 [WARNING] - Retrying (Retry(total=2, connect=None, read=None, redirect=None, status=None)) after connection broken by 'ReadTimeoutError("HTTPConnectionPool(host='news.bbcimg.co.uk', port=80): Read timed out. (read timeout=5)")': /media/images/67690000/jpg/_67690588_newmoderatorinstall.jpg
2025-11-18 06:29:33,282 [WARNING] - Retrying (Retry(total=2, connect=None, read=None, redirect=None, status=None)) after connection broken by 'ReadTimeoutError("HTTPConnectionPool(host='newsimg.bbc.co.uk', port=80): Read timed out. (read timeout=5)")': /media/images/46602000/jpg/_46602273_mum.jpg
2025-11-18 06:29:33,282 [WARNING] - Retrying (Retry(total=2, connect=None, read=None, redirect=None, status=None)) after connection broken by 'ReadTimeoutError("HTTPConnectionPool(host='newsimg.bbc.co.uk', port=80): Read timed out. (read timeout=5)")': /media/images/47128000/jpg/_47128672_008558491-1.jpg
2025-11-18 06:29:33,282 [WARNING] - Retrying (Retry(total=2, connect=None, read=None, redirect=None, status=None)) after connection broken by 'ReadTimeoutError("HTTPConnectionPool(host='newsimg.bbc.co.uk', port=80): Read timed out. (read timeout=5)")': /media/images/44770000/jpg/_44770445_-10.jpg
2025-11-18 06:29:33,282 [WARNING] - Retrying (Retry(total=2, connect=None, read=None, redirect=None, status=None)) after connection broken by 'ReadTimeoutError("HTTPConnectionPool(host='news.bbcimg.co.uk', port=80): Read timed out. (read timeout=5)")': /media/images/64851000/jpg/_64851594_robertthornton.jpg
2025-11-18 06:29:33,282 [WARNING] - Retrying (Retry(total=2, connect=None, read=None, redirect=None, status=None)) after connection broken by 'ReadTimeoutError("HTTPConnectionPool(host='newsimg.bbc.co.uk', port=80): Read timed out. (read timeout=5)")': /media/images/45095000/jpg/_45095302_45094156.jpg
2025-11-18 06:29:33,282 [WARNING] - Retrying (Retry(total=2, connect=None, read=None, redirect=None, status=None)) after connection broken by 'ReadTimeoutError("HTTPConnectionPool(host='newsimg.bbc.co.uk', port=80): Read timed out. (read timeout=5)")': /media/images/47425000/jpg/_47425757_008899632-1.jpg
2025-11-18 06:29:33,282 [WARNING] - Retrying (Retry(total=2, connect=None, read=None, redirect=None, status=None)) after connection broken by 'ReadTimeoutError("HTTPConnectionPool(host='news.bbcimg.co.uk', port=80): Read timed out. (read timeout=5)")': /media/images/51066000/jpg/_51066248_kerbcrawling.jpg
2025-11-18 06:29:33,282 [WARNING] - Retrying (Retry(total=2, connect=None, read=None, redirect=None, status=None)) after connection broken by 'ReadTimeoutError("HTTPConnectionPool(host='news.bbcimg.co.uk', port=80): Read timed out. (read timeout=5)")': /media/images/45358000/jpg/_45358152_006449469-1.jpg
2025-11-18 06:29:33,282 [WARNING] - Retrying (Retry(total=2, connect=None, read=None, redirect=None, status=None)) after connection broken by 'ReadTimeoutError("HTTPConnectionPool(host='news.bbcimg.co.uk', port=80): Read timed out. (read timeout=5)")': /media/images/74680000/jpg/_74680427_bjpandmodi-afp.jpg
2025-11-18 06:29:33,282 [WARNING] - Retrying (Retry(total=2, connect=None, read=None, redirect=None, status=None)) after connection broken by 'ReadTimeoutError("HTTPConnectionPool(host='newsimg.bbc.co.uk', port=80): Read timed out. (read timeout=5)")': /media/images/42650000/jpg/_42650793_hilda_owen250.jpg
2025-11-18 06:29:33,282 [WARNING] - Retrying (Retry(total=2, connect=None, read=None, redirect=None, status=None)) after connection broken by 'ReadTimeoutError("HTTPConnectionPool(host='news.bbcimg.co.uk', port=80): Read timed out. (read timeout=5)")': /media/images/81882000/jpg/_81882164_81880950.jpg
2025-11-18 06:29:33,282 [WARNING] - Retrying (Retry(total=2, connect=None, read=None, redirect=None, status=None)) after connection broken by 'ReadTimeoutError("HTTPConnectionPool(host='news.bbcimg.co.uk', port=80): Read timed out. (read timeout=5)")': /media/images/48059000/jpg/_48059090_009512947-1.jpg
2025-11-18 06:29:33,297 [WARNING] - Retrying (Retry(total=2, connect=None, read=None, redirect=None, status=None)) after connection broken by 'ReadTimeoutError("HTTPConnectionPool(host='newsimg.bbc.co.uk', port=80): Read timed out. (read timeout=5)")': /media/images/42885000/jpg/_42885931_afp_yanuk203.jpg
2025-11-18 06:29:33,365 [WARNING] - Retrying (Retry(total=2, connect=None, read=None, redirect=None, status=None)) after connection broken by 'ReadTimeoutError("HTTPConnectionPool(host='newsimg.bbc.co.uk', port=80): Read timed out. (read timeout=5)")': /media/images/45722000/jpg/_45722102_kenya226afp.jpg
2025-11-18 06:29:33,365 [WARNING] - Retrying (Retry(total=2, connect=None, read=None, redirect=None, status=None)) after connection broken by 'ReadTimeoutError("HTTPConnectionPool(host='news.bbcimg.co.uk', port=80): Read timed out. (read timeout=5)")': /media/images/48064000/jpg/_48064995_40292627.jpg
2025-11-18 06:29:33,382 [WARNING] - Retrying (Retry(total=2, connect=None, read=None, redirect=None, status=None)) after connection broken by 'ReadTimeoutError("HTTPConnectionPool(host='newsimg.bbc.co.uk', port=80): Read timed out. (read timeout=5)")': /media/images/45954000/jpg/_45954751_cenotaph.jpg
2025-11-18 06:29:33,382 [WARNING] - Retrying (Retry(total=2, connect=None, read=None, redirect=None, status=None)) after connection broken by 'ReadTimeoutError("HTTPConnectionPool(host='newsimg.bbc.co.uk', port=80): Read timed out. (read timeout=5)")': /media/images/45701000/jpg/_45701641_007222728-1.jpg
2025-11-18 06:29:33,382 [WARNING] - Retrying (Retry(total=2, connect=None, read=None, redirect=None, status=None)) after connection broken by 'ReadTimeoutError("HTTPConnectionPool(host='news.bbcimg.co.uk', port=80): Read timed out. (read timeout=5)")': /media/images/74849000/jpg/_74849210_z0.jpg
2025-11-18 06:29:33,382 [WARNING] - Retrying (Retry(total=2, connect=None, read=None, redirect=None, status=None)) after connection broken by 'ReadTimeoutError("HTTPConnectionPool(host='newsimg.bbc.co.uk', port=80): Read timed out. (read timeout=5)")': /media/images/45984000/jpg/_45984019_neil.jpg
2025-11-18 06:29:33,382 [WARNING] - Retrying (Retry(total=2, connect=None, read=None, redirect=None, status=None)) after connection broken by 'ReadTimeoutError("HTTPConnectionPool(host='newsimg.bbc.co.uk', port=80): Read timed out. (read timeout=5)")': /media/images/47828000/jpg/_47828131_009268953-1.jpg
2025-11-18 06:29:33,382 [WARNING] - Retrying (Retry(total=2, connect=None, read=None, redirect=None, status=None)) after connection broken by 'ReadTimeoutError("HTTPConnectionPool(host='newsimg.bbc.co.uk', port=80): Read timed out. (read timeout=5)")': /media/images/46104000/jpg/_46104694_tele-450-1.jpg
2025-11-18 06:29:33,382 [WARNING] - Retrying (Retry(total=2, connect=None, read=None, redirect=None, status=None)) after connection broken by 'ReadTimeoutError("HTTPConnectionPool(host='newsimg.bbc.co.uk', port=80): Read timed out. (read timeout=5)")': /media/images/45571000/jpg/_45571509__44096163_leithdocks203-1.jpg
2025-11-18 06:29:33,400 [WARNING] - Retrying (Retry(total=2, connect=None, read=None, redirect=None, status=None)) after connection broken by 'ReadTimeoutError("HTTPConnectionPool(host='newsimg.bbc.co.uk', port=80): Read timed out. (read timeout=5)")': /media/images/41973000/jpg/_41973520_whitehallbody_getty.jpg
2025-11-18 06:29:33,418 [WARNING] - Retrying (Retry(total=2, connect=None, read=None, redirect=None, status=None)) after connection broken by 'ReadTimeoutError("HTTPConnectionPool(host='news.bbcimg.co.uk', port=80): Read timed out. (read timeout=5)")': /media/images/49375000/jpg/_49375693_010332681-1.jpg
2025-11-18 06:29:33,580 [WARNING] - Retrying (Retry(total=2, connect=None, read=None, redirect=None, status=None)) after connection broken by 'ReadTimeoutError("HTTPConnectionPool(host='news.bbcimg.co.uk', port=80): Read timed out. (read timeout=5)")': /media/images/73547000/jpg/_73547700_tv021173008.jpg
2025-11-18 06:29:33,595 [WARNING] - Retrying (Retry(total=2, connect=None, read=None, redirect=None, status=None)) after connection broken by 'ReadTimeoutError("HTTPConnectionPool(host='news.bbcimg.co.uk', port=80): Read timed out. (read timeout=5)")': /media/images/51837000/jpg/_51837813_zoeandbayne304.jpg
2025-11-18 06:29:33,595 [WARNING] - Retrying (Retry(total=2, connect=None, read=None, redirect=None, status=None)) after connection broken by 'ReadTimeoutError("HTTPConnectionPool(host='newsimg.bbc.co.uk', port=80): Read timed out. (read timeout=5)")': /media/images/47317000/jpg/_47317969_-7.jpg
2025-11-18 06:29:33,595 [WARNING] - Retrying (Retry(total=2, connect=None, read=None, redirect=None, status=None)) after connection broken by 'ReadTimeoutError("HTTPConnectionPool(host='newsimg.bbc.co.uk', port=80): Read timed out. (read timeout=5)")': /media/images/44416000/jpg/_44416528_carey_pa203b.jpg
2025-11-18 06:29:33,595 [WARNING] - Retrying (Retry(total=2, connect=None, read=None, redirect=None, status=None)) after connection broken by 'ReadTimeoutError("HTTPConnectionPool(host='news.bbcimg.co.uk', port=80): Read timed out. (read timeout=5)")': /media/images/47571000/jpg/_47571239__45941115_007349887-1-1.jpg
2025-11-18 06:29:33,595 [WARNING] - Retrying (Retry(total=2, connect=None, read=None, redirect=None, status=None)) after connection broken by 'ReadTimeoutError("HTTPConnectionPool(host='newsimg.bbc.co.uk', port=80): Read timed out. (read timeout=5)")': /media/images/46394000/jpg/_46394423_bria_282.jpg
2025-11-18 06:29:38,528 [WARNING] - Retrying (Retry(total=1, connect=None, read=None, redirect=None, status=None)) after connection broken by 'ReadTimeoutError("HTTPConnectionPool(host='c.files.bbci.co.uk', port=80): Read timed out. (read timeout=5)")': /3C71/production/_85837451_birds.jpg
2025-11-18 06:29:39,029 [WARNING] - Retrying (Retry(total=1, connect=None, read=None, redirect=None, status=None)) after connection broken by 'ReadTimeoutError("HTTPConnectionPool(host='news.bbcimg.co.uk', port=80): Read timed out. (read timeout=5)")': /media/images/67690000/jpg/_67690588_newmoderatorinstall.jpg
2025-11-18 06:29:39,293 [WARNING] - Retrying (Retry(total=1, connect=None, read=None, redirect=None, status=None)) after connection broken by 'ReadTimeoutError("HTTPConnectionPool(host='news.bbcimg.co.uk', port=80): Read timed out. (read timeout=5)")': /media/images/48059000/jpg/_48059090_009512947-1.jpg
2025-11-18 06:29:39,293 [WARNING] - Retrying (Retry(total=1, connect=None, read=None, redirect=None, status=None)) after connection broken by 'ReadTimeoutError("HTTPConnectionPool(host='news.bbcimg.co.uk', port=80): Read timed out. (read timeout=5)")': /media/images/45358000/jpg/_45358152_006449469-1.jpg
2025-11-18 06:29:39,293 [WARNING] - Retrying (Retry(total=1, connect=None, read=None, redirect=None, status=None)) after connection broken by 'ReadTimeoutError("HTTPConnectionPool(host='news.bbcimg.co.uk', port=80): Read timed out. (read timeout=5)")': /media/images/64851000/jpg/_64851594_robertthornton.jpg
2025-11-18 06:29:39,293 [WARNING] - Retrying (Retry(total=1, connect=None, read=None, redirect=None, status=None)) after connection broken by 'ReadTimeoutError("HTTPConnectionPool(host='news.bbcimg.co.uk', port=80): Read timed out. (read timeout=5)")': /media/images/51066000/jpg/_51066248_kerbcrawling.jpg
2025-11-18 06:29:39,293 [WARNING] - Retrying (Retry(total=1, connect=None, read=None, redirect=None, status=None)) after connection broken by 'ReadTimeoutError("HTTPConnectionPool(host='news.bbcimg.co.uk', port=80): Read timed out. (read timeout=5)")': /media/images/74680000/jpg/_74680427_bjpandmodi-afp.jpg
2025-11-18 06:29:39,314 [WARNING] - Retrying (Retry(total=1, connect=None, read=None, redirect=None, status=None)) after connection broken by 'ReadTimeoutError("HTTPConnectionPool(host='news.bbcimg.co.uk', port=80): Read timed out. (read timeout=5)")': /media/images/81882000/jpg/_81882164_81880950.jpg
2025-11-18 06:29:39,381 [WARNING] - Retrying (Retry(total=1, connect=None, read=None, redirect=None, status=None)) after connection broken by 'ReadTimeoutError("HTTPConnectionPool(host='newsimg.bbc.co.uk', port=80): Read timed out. (read timeout=5)")': /media/images/42885000/jpg/_42885931_afp_yanuk203.jpg
2025-11-18 06:29:39,381 [WARNING] - Retrying (Retry(total=1, connect=None, read=None, redirect=None, status=None)) after connection broken by 'ReadTimeoutError("HTTPConnectionPool(host='newsimg.bbc.co.uk', port=80): Read timed out. (read timeout=5)")': /media/images/45095000/jpg/_45095302_45094156.jpg
2025-11-18 06:29:39,381 [WARNING] - Retrying (Retry(total=1, connect=None, read=None, redirect=None, status=None)) after connection broken by 'ReadTimeoutError("HTTPConnectionPool(host='newsimg.bbc.co.uk', port=80): Read timed out. (read timeout=5)")': /media/images/44770000/jpg/_44770445_-10.jpg
2025-11-18 06:29:39,381 [WARNING] - Retrying (Retry(total=1, connect=None, read=None, redirect=None, status=None)) after connection broken by 'ReadTimeoutError("HTTPConnectionPool(host='newsimg.bbc.co.uk', port=80): Read timed out. (read timeout=5)")': /media/images/47128000/jpg/_47128672_008558491-1.jpg
2025-11-18 06:29:39,383 [WARNING] - Retrying (Retry(total=1, connect=None, read=None, redirect=None, status=None)) after connection broken by 'ReadTimeoutError("HTTPConnectionPool(host='news.bbcimg.co.uk', port=80): Read timed out. (read timeout=5)")': /media/images/48064000/jpg/_48064995_40292627.jpg
2025-11-18 06:29:39,383 [WARNING] - Retrying (Retry(total=1, connect=None, read=None, redirect=None, status=None)) after connection broken by 'ReadTimeoutError("HTTPConnectionPool(host='newsimg.bbc.co.uk', port=80): Read timed out. (read timeout=5)")': /media/images/42650000/jpg/_42650793_hilda_owen250.jpg
2025-11-18 06:29:39,383 [WARNING] - Retrying (Retry(total=1, connect=None, read=None, redirect=None, status=None)) after connection broken by 'ReadTimeoutError("HTTPConnectionPool(host='newsimg.bbc.co.uk', port=80): Read timed out. (read timeout=5)")': /media/images/46602000/jpg/_46602273_mum.jpg
2025-11-18 06:29:39,383 [WARNING] - Retrying (Retry(total=1, connect=None, read=None, redirect=None, status=None)) after connection broken by 'ReadTimeoutError("HTTPConnectionPool(host='newsimg.bbc.co.uk', port=80): Read timed out. (read timeout=5)")': /media/images/47425000/jpg/_47425757_008899632-1.jpg
2025-11-18 06:29:39,398 [WARNING] - Retrying (Retry(total=1, connect=None, read=None, redirect=None, status=None)) after connection broken by 'ReadTimeoutError("HTTPConnectionPool(host='newsimg.bbc.co.uk', port=80): Read timed out. (read timeout=5)")': /media/images/45954000/jpg/_45954751_cenotaph.jpg
2025-11-18 06:29:39,398 [WARNING] - Retrying (Retry(total=1, connect=None, read=None, redirect=None, status=None)) after connection broken by 'ReadTimeoutError("HTTPConnectionPool(host='newsimg.bbc.co.uk', port=80): Read timed out. (read timeout=5)")': /media/images/45722000/jpg/_45722102_kenya226afp.jpg
2025-11-18 06:29:39,414 [WARNING] - Retrying (Retry(total=1, connect=None, read=None, redirect=None, status=None)) after connection broken by 'ReadTimeoutError("HTTPConnectionPool(host='news.bbcimg.co.uk', port=80): Read timed out. (read timeout=5)")': /media/images/74849000/jpg/_74849210_z0.jpg
2025-11-18 06:29:39,414 [WARNING] - Retrying (Retry(total=1, connect=None, read=None, redirect=None, status=None)) after connection broken by 'ReadTimeoutError("HTTPConnectionPool(host='newsimg.bbc.co.uk', port=80): Read timed out. (read timeout=5)")': /media/images/47828000/jpg/_47828131_009268953-1.jpg
2025-11-18 06:29:39,414 [WARNING] - Retrying (Retry(total=1, connect=None, read=None, redirect=None, status=None)) after connection broken by 'ReadTimeoutError("HTTPConnectionPool(host='newsimg.bbc.co.uk', port=80): Read timed out. (read timeout=5)")': /media/images/45984000/jpg/_45984019_neil.jpg
2025-11-18 06:29:39,414 [WARNING] - Retrying (Retry(total=1, connect=None, read=None, redirect=None, status=None)) after connection broken by 'ReadTimeoutError("HTTPConnectionPool(host='newsimg.bbc.co.uk', port=80): Read timed out. (read timeout=5)")': /media/images/45701000/jpg/_45701641_007222728-1.jpg
2025-11-18 06:29:39,414 [WARNING] - Retrying (Retry(total=1, connect=None, read=None, redirect=None, status=None)) after connection broken by 'ReadTimeoutError("HTTPConnectionPool(host='newsimg.bbc.co.uk', port=80): Read timed out. (read timeout=5)")': /media/images/45571000/jpg/_45571509__44096163_leithdocks203-1.jpg
2025-11-18 06:29:39,415 [WARNING] - Retrying (Retry(total=1, connect=None, read=None, redirect=None, status=None)) after connection broken by 'ReadTimeoutError("HTTPConnectionPool(host='newsimg.bbc.co.uk', port=80): Read timed out. (read timeout=5)")': /media/images/46104000/jpg/_46104694_tele-450-1.jpg
2025-11-18 06:29:39,423 [WARNING] - Retrying (Retry(total=1, connect=None, read=None, redirect=None, status=None)) after connection broken by 'ReadTimeoutError("HTTPConnectionPool(host='newsimg.bbc.co.uk', port=80): Read timed out. (read timeout=5)")': /media/images/41973000/jpg/_41973520_whitehallbody_getty.jpg
2025-11-18 06:29:39,434 [WARNING] - Retrying (Retry(total=1, connect=None, read=None, redirect=None, status=None)) after connection broken by 'ReadTimeoutError("HTTPConnectionPool(host='news.bbcimg.co.uk', port=80): Read timed out. (read timeout=5)")': /media/images/49375000/jpg/_49375693_010332681-1.jpg
2025-11-18 06:29:39,582 [WARNING] - Retrying (Retry(total=1, connect=None, read=None, redirect=None, status=None)) after connection broken by 'ReadTimeoutError("HTTPConnectionPool(host='news.bbcimg.co.uk', port=80): Read timed out. (read timeout=5)")': /media/images/73547000/jpg/_73547700_tv021173008.jpg
2025-11-18 06:29:39,598 [WARNING] - Retrying (Retry(total=1, connect=None, read=None, redirect=None, status=None)) after connection broken by 'ReadTimeoutError("HTTPConnectionPool(host='news.bbcimg.co.uk', port=80): Read timed out. (read timeout=5)")': /media/images/51837000/jpg/_51837813_zoeandbayne304.jpg
2025-11-18 06:29:39,614 [WARNING] - Retrying (Retry(total=1, connect=None, read=None, redirect=None, status=None)) after connection broken by 'ReadTimeoutError("HTTPConnectionPool(host='newsimg.bbc.co.uk', port=80): Read timed out. (read timeout=5)")': /media/images/47317000/jpg/_47317969_-7.jpg
2025-11-18 06:29:39,614 [WARNING] - Retrying (Retry(total=1, connect=None, read=None, redirect=None, status=None)) after connection broken by 'ReadTimeoutError("HTTPConnectionPool(host='newsimg.bbc.co.uk', port=80): Read timed out. (read timeout=5)")': /media/images/46394000/jpg/_46394423_bria_282.jpg
2025-11-18 06:29:39,614 [WARNING] - Retrying (Retry(total=1, connect=None, read=None, redirect=None, status=None)) after connection broken by 'ReadTimeoutError("HTTPConnectionPool(host='newsimg.bbc.co.uk', port=80): Read timed out. (read timeout=5)")': /media/images/44416000/jpg/_44416528_carey_pa203b.jpg
2025-11-18 06:29:39,614 [WARNING] - Retrying (Retry(total=1, connect=None, read=None, redirect=None, status=None)) after connection broken by 'ReadTimeoutError("HTTPConnectionPool(host='news.bbcimg.co.uk', port=80): Read timed out. (read timeout=5)")': /media/images/47571000/jpg/_47571239__45941115_007349887-1-1.jpg
2025-11-18 06:29:45,564 [WARNING] - Retrying (Retry(total=0, connect=None, read=None, redirect=None, status=None)) after connection broken by 'ReadTimeoutError("HTTPConnectionPool(host='c.files.bbci.co.uk', port=80): Read timed out. (read timeout=5)")': /3C71/production/_85837451_birds.jpg
2025-11-18 06:29:46,048 [WARNING] - Retrying (Retry(total=0, connect=None, read=None, redirect=None, status=None)) after connection broken by 'ReadTimeoutError("HTTPConnectionPool(host='news.bbcimg.co.uk', port=80): Read timed out. (read timeout=5)")': /media/images/67690000/jpg/_67690588_newmoderatorinstall.jpg
2025-11-18 06:29:46,298 [WARNING] - Retrying (Retry(total=0, connect=None, read=None, redirect=None, status=None)) after connection broken by 'ReadTimeoutError("HTTPConnectionPool(host='news.bbcimg.co.uk', port=80): Read timed out. (read timeout=5)")': /media/images/48059000/jpg/_48059090_009512947-1.jpg
2025-11-18 06:29:46,298 [WARNING] - Retrying (Retry(total=0, connect=None, read=None, redirect=None, status=None)) after connection broken by 'ReadTimeoutError("HTTPConnectionPool(host='news.bbcimg.co.uk', port=80): Read timed out. (read timeout=5)")': /media/images/45358000/jpg/_45358152_006449469-1.jpg
2025-11-18 06:29:46,314 [WARNING] - Retrying (Retry(total=0, connect=None, read=None, redirect=None, status=None)) after connection broken by 'ReadTimeoutError("HTTPConnectionPool(host='news.bbcimg.co.uk', port=80): Read timed out. (read timeout=5)")': /media/images/64851000/jpg/_64851594_robertthornton.jpg
2025-11-18 06:29:46,314 [WARNING] - Retrying (Retry(total=0, connect=None, read=None, redirect=None, status=None)) after connection broken by 'ReadTimeoutError("HTTPConnectionPool(host='news.bbcimg.co.uk', port=80): Read timed out. (read timeout=5)")': /media/images/51066000/jpg/_51066248_kerbcrawling.jpg
2025-11-18 06:29:46,331 [WARNING] - Retrying (Retry(total=0, connect=None, read=None, redirect=None, status=None)) after connection broken by 'ReadTimeoutError("HTTPConnectionPool(host='news.bbcimg.co.uk', port=80): Read timed out. (read timeout=5)")': /media/images/74680000/jpg/_74680427_bjpandmodi-afp.jpg
2025-11-18 06:29:46,331 [WARNING] - Retrying (Retry(total=0, connect=None, read=None, redirect=None, status=None)) after connection broken by 'ReadTimeoutError("HTTPConnectionPool(host='news.bbcimg.co.uk', port=80): Read timed out. (read timeout=5)")': /media/images/81882000/jpg/_81882164_81880950.jpg
2025-11-18 06:29:46,398 [WARNING] - Retrying (Retry(total=0, connect=None, read=None, redirect=None, status=None)) after connection broken by 'ReadTimeoutError("HTTPConnectionPool(host='newsimg.bbc.co.uk', port=80): Read timed out. (read timeout=5)")': /media/images/47425000/jpg/_47425757_008899632-1.jpg
2025-11-18 06:29:46,398 [WARNING] - Retrying (Retry(total=0, connect=None, read=None, redirect=None, status=None)) after connection broken by 'ReadTimeoutError("HTTPConnectionPool(host='news.bbcimg.co.uk', port=80): Read timed out. (read timeout=5)")': /media/images/48064000/jpg/_48064995_40292627.jpg
2025-11-18 06:29:46,415 [WARNING] - Retrying (Retry(total=0, connect=None, read=None, redirect=None, status=None)) after connection broken by 'ReadTimeoutError("HTTPConnectionPool(host='newsimg.bbc.co.uk', port=80): Read timed out. (read timeout=5)")': /media/images/45954000/jpg/_45954751_cenotaph.jpg
2025-11-18 06:29:46,416 [WARNING] - Retrying (Retry(total=0, connect=None, read=None, redirect=None, status=None)) after connection broken by 'ReadTimeoutError("HTTPConnectionPool(host='newsimg.bbc.co.uk', port=80): Read timed out. (read timeout=5)")': /media/images/46602000/jpg/_46602273_mum.jpg
2025-11-18 06:29:46,416 [WARNING] - Retrying (Retry(total=0, connect=None, read=None, redirect=None, status=None)) after connection broken by 'ReadTimeoutError("HTTPConnectionPool(host='newsimg.bbc.co.uk', port=80): Read timed out. (read timeout=5)")': /media/images/47128000/jpg/_47128672_008558491-1.jpg
2025-11-18 06:29:46,416 [WARNING] - Retrying (Retry(total=0, connect=None, read=None, redirect=None, status=None)) after connection broken by 'ReadTimeoutError("HTTPConnectionPool(host='newsimg.bbc.co.uk', port=80): Read timed out. (read timeout=5)")': /media/images/42885000/jpg/_42885931_afp_yanuk203.jpg
2025-11-18 06:29:46,416 [WARNING] - Retrying (Retry(total=0, connect=None, read=None, redirect=None, status=None)) after connection broken by 'ReadTimeoutError("HTTPConnectionPool(host='newsimg.bbc.co.uk', port=80): Read timed out. (read timeout=5)")': /media/images/44770000/jpg/_44770445_-10.jpg
2025-11-18 06:29:46,416 [WARNING] - Retrying (Retry(total=0, connect=None, read=None, redirect=None, status=None)) after connection broken by 'ReadTimeoutError("HTTPConnectionPool(host='newsimg.bbc.co.uk', port=80): Read timed out. (read timeout=5)")': /media/images/42650000/jpg/_42650793_hilda_owen250.jpg
2025-11-18 06:29:46,416 [WARNING] - Retrying (Retry(total=0, connect=None, read=None, redirect=None, status=None)) after connection broken by 'ReadTimeoutError("HTTPConnectionPool(host='newsimg.bbc.co.uk', port=80): Read timed out. (read timeout=5)")': /media/images/45095000/jpg/_45095302_45094156.jpg
2025-11-18 06:29:46,434 [WARNING] - Retrying (Retry(total=0, connect=None, read=None, redirect=None, status=None)) after connection broken by 'ReadTimeoutError("HTTPConnectionPool(host='newsimg.bbc.co.uk', port=80): Read timed out. (read timeout=5)")': /media/images/45701000/jpg/_45701641_007222728-1.jpg
2025-11-18 06:29:46,434 [WARNING] - Retrying (Retry(total=0, connect=None, read=None, redirect=None, status=None)) after connection broken by 'ReadTimeoutError("HTTPConnectionPool(host='news.bbcimg.co.uk', port=80): Read timed out. (read timeout=5)")': /media/images/74849000/jpg/_74849210_z0.jpg
2025-11-18 06:29:46,434 [WARNING] - Retrying (Retry(total=0, connect=None, read=None, redirect=None, status=None)) after connection broken by 'ReadTimeoutError("HTTPConnectionPool(host='newsimg.bbc.co.uk', port=80): Read timed out. (read timeout=5)")': /media/images/46104000/jpg/_46104694_tele-450-1.jpg
2025-11-18 06:29:46,434 [WARNING] - Retrying (Retry(total=0, connect=None, read=None, redirect=None, status=None)) after connection broken by 'ReadTimeoutError("HTTPConnectionPool(host='newsimg.bbc.co.uk', port=80): Read timed out. (read timeout=5)")': /media/images/45984000/jpg/_45984019_neil.jpg
2025-11-18 06:29:46,434 [WARNING] - Retrying (Retry(total=0, connect=None, read=None, redirect=None, status=None)) after connection broken by 'ReadTimeoutError("HTTPConnectionPool(host='newsimg.bbc.co.uk', port=80): Read timed out. (read timeout=5)")': /media/images/45722000/jpg/_45722102_kenya226afp.jpg
2025-11-18 06:29:46,434 [WARNING] - Retrying (Retry(total=0, connect=None, read=None, redirect=None, status=None)) after connection broken by 'ReadTimeoutError("HTTPConnectionPool(host='newsimg.bbc.co.uk', port=80): Read timed out. (read timeout=5)")': /media/images/47828000/jpg/_47828131_009268953-1.jpg
2025-11-18 06:29:46,434 [WARNING] - Retrying (Retry(total=0, connect=None, read=None, redirect=None, status=None)) after connection broken by 'ReadTimeoutError("HTTPConnectionPool(host='newsimg.bbc.co.uk', port=80): Read timed out. (read timeout=5)")': /media/images/45571000/jpg/_45571509__44096163_leithdocks203-1.jpg
2025-11-18 06:29:46,450 [WARNING] - Retrying (Retry(total=0, connect=None, read=None, redirect=None, status=None)) after connection broken by 'ReadTimeoutError("HTTPConnectionPool(host='newsimg.bbc.co.uk', port=80): Read timed out. (read timeout=5)")': /media/images/41973000/jpg/_41973520_whitehallbody_getty.jpg
2025-11-18 06:29:46,468 [WARNING] - Retrying (Retry(total=0, connect=None, read=None, redirect=None, status=None)) after connection broken by 'ReadTimeoutError("HTTPConnectionPool(host='news.bbcimg.co.uk', port=80): Read timed out. (read timeout=5)")': /media/images/49375000/jpg/_49375693_010332681-1.jpg
2025-11-18 06:29:46,599 [WARNING] - Retrying (Retry(total=0, connect=None, read=None, redirect=None, status=None)) after connection broken by 'ReadTimeoutError("HTTPConnectionPool(host='news.bbcimg.co.uk', port=80): Read timed out. (read timeout=5)")': /media/images/73547000/jpg/_73547700_tv021173008.jpg
2025-11-18 06:29:46,599 [WARNING] - Retrying (Retry(total=0, connect=None, read=None, redirect=None, status=None)) after connection broken by 'ReadTimeoutError("HTTPConnectionPool(host='news.bbcimg.co.uk', port=80): Read timed out. (read timeout=5)")': /media/images/51837000/jpg/_51837813_zoeandbayne304.jpg
2025-11-18 06:29:46,631 [WARNING] - Retrying (Retry(total=0, connect=None, read=None, redirect=None, status=None)) after connection broken by 'ReadTimeoutError("HTTPConnectionPool(host='newsimg.bbc.co.uk', port=80): Read timed out. (read timeout=5)")': /media/images/46394000/jpg/_46394423_bria_282.jpg
2025-11-18 06:29:46,631 [WARNING] - Retrying (Retry(total=0, connect=None, read=None, redirect=None, status=None)) after connection broken by 'ReadTimeoutError("HTTPConnectionPool(host='newsimg.bbc.co.uk', port=80): Read timed out. (read timeout=5)")': /media/images/47317000/jpg/_47317969_-7.jpg
2025-11-18 06:29:46,631 [WARNING] - Retrying (Retry(total=0, connect=None, read=None, redirect=None, status=None)) after connection broken by 'ReadTimeoutError("HTTPConnectionPool(host='newsimg.bbc.co.uk', port=80): Read timed out. (read timeout=5)")': /media/images/44416000/jpg/_44416528_carey_pa203b.jpg
2025-11-18 06:29:46,632 [WARNING] - Retrying (Retry(total=0, connect=None, read=None, redirect=None, status=None)) after connection broken by 'ReadTimeoutError("HTTPConnectionPool(host='news.bbcimg.co.uk', port=80): Read timed out. (read timeout=5)")': /media/images/47571000/jpg/_47571239__45941115_007349887-1-1.jpg
2025-11-18 06:47:56,569 [INFO] - --- Set 2 Build Summary ---
2025-11-18 06:47:56,569 [INFO] - Total JSONs processed: 50000
2025-11-18 06:47:56,569 [INFO] - Image Downloads Succeeded: 49919
2025-11-18 06:47:56,569 [INFO] - Image Downloads Failed (404s, Timeouts, etc.): 81
2025-11-18 06:47:56,576 [INFO] - Final items saved: 49919
2025-11-18 06:47:56,576 [INFO] - Finished processing set 2.
2025-11-18 06:47:56,576 [INFO] - Converting to DataFrame and saving to H:\News_Summarization\Dataset\News_Articles_with_Images\balanced_50k_dataset_sets\set_2\multimodal_dataset_set2.parquet...
2025-11-18 06:47:58,321 [INFO] - --- Set 2 Build Complete! (49919 items) ---
2025-11-18 06:47:58,321 [INFO] - Final dataset saved to H:\News_Summarization\Dataset\News_Articles_with_Images\balanced_50k_dataset_sets\set_2\multimodal_dataset_set2.parquet
