2025-11-17 17:22:39,845 [INFO] - --- Starting Multimodal 50k Balanced Dataset Build ---
2025-11-17 17:22:39,847 [INFO] - Source Dirs: ['C:\\Users\\admin\\Downloads\\articles\\articles\\bbc_1', 'C:\\Users\\admin\\Downloads\\articles\\articles\\bbc_2', 'C:\\Users\\admin\\Downloads\\articles\\articles\\guardian_articles', 'C:\\Users\\admin\\Downloads\\articles\\articles\\usa_today_articles', 'C:\\Users\\admin\\Downloads\\articles\\articles\\washington_post_articles']
2025-11-17 17:22:39,847 [INFO] - Output Dir: H:\News_Summarization\Dataset\News_Articles_with_Images\diverse50kdataset
2025-11-17 17:22:39,847 [INFO] - Target Total Size: 50000
2025-11-17 17:22:39,847 [INFO] - Loading EasyOCR model...
2025-11-17 17:22:42,092 [INFO] - EasyOCR model loaded.
2025-11-17 17:22:42,092 [INFO] - Scanning all source directories to get total file counts...
2025-11-17 17:22:42,092 [INFO] - Scanning directory: C:\Users\admin\Downloads\articles\articles\bbc_1
2025-11-17 17:22:42,092 [WARNING] - No .json files found in C:\Users\admin\Downloads\articles\articles\bbc_1. Skipping.
2025-11-17 17:22:42,092 [INFO] - Scanning directory: C:\Users\admin\Downloads\articles\articles\bbc_2
2025-11-17 17:22:42,092 [WARNING] - No .json files found in C:\Users\admin\Downloads\articles\articles\bbc_2. Skipping.
2025-11-17 17:22:42,092 [INFO] - Scanning directory: C:\Users\admin\Downloads\articles\articles\guardian_articles
2025-11-17 17:22:43,791 [INFO] - Found 272748 files in C:\Users\admin\Downloads\articles\articles\guardian_articles.
2025-11-17 17:22:43,791 [INFO] - Scanning directory: C:\Users\admin\Downloads\articles\articles\usa_today_articles
2025-11-17 17:22:43,973 [INFO] - Found 44638 files in C:\Users\admin\Downloads\articles\articles\usa_today_articles.
2025-11-17 17:22:43,973 [INFO] - Scanning directory: C:\Users\admin\Downloads\articles\articles\washington_post_articles
2025-11-17 17:22:48,912 [INFO] - Found 185239 files in C:\Users\admin\Downloads\articles\articles\washington_post_articles.
2025-11-17 17:22:48,912 [INFO] - Found 502625 total files across 5 sources.
2025-11-17 17:22:48,912 [INFO] - Creating a balanced dataset of 50000 total samples.
2025-11-17 17:22:48,912 [INFO] - Taking 27132 random samples from C:\Users\admin\Downloads\articles\articles\guardian_articles (Ratio: 54.26%)
2025-11-17 17:22:49,088 [INFO] - Taking 4440 random samples from C:\Users\admin\Downloads\articles\articles\usa_today_articles (Ratio: 8.88%)
2025-11-17 17:22:49,114 [INFO] - Taking 18427 random samples from C:\Users\admin\Downloads\articles\articles\washington_post_articles (Ratio: 36.85%)
2025-11-17 17:22:49,263 [INFO] - Total files to process after sampling: 49999
2025-11-17 17:22:49,263 [INFO] - Starting processing loop...
2025-11-17 17:22:49,776 [WARNING] - Error parsing JSON C:\Users\admin\Downloads\articles\articles\guardian_articles\guardian_json\http___twitpic.com_4q96v-200.json: Expecting value: line 1 column 1 (char 0)
2025-11-17 17:22:51,121 [WARNING] - Error parsing JSON C:\Users\admin\Downloads\articles\articles\guardian_articles\guardian_json\http___www.eventbrite.co.uk_e_scrutiny-making-an-impact-tickets-3959559148-200.json: Expecting value: line 5 column 1 (char 4)
2025-11-17 17:22:51,384 [WARNING] - Error parsing JSON C:\Users\admin\Downloads\articles\articles\guardian_articles\guardian_json\http___www.huffingtonpost.co.uk_cathy-warwick_midwives-strike_b_5945680.html-200.json: Expecting value: line 1 column 1 (char 0)
2025-11-17 17:22:52,747 [WARNING] - Error parsing JSON C:\Users\admin\Downloads\articles\articles\guardian_articles\guardian_json\http___www.buzzfeed.com_davidmack_north-korea-opens-up-british-embassy-200.json: Expecting value: line 7 column 1 (char 6)
2025-11-17 17:22:58,225 [WARNING] - Error parsing JSON C:\Users\admin\Downloads\articles\articles\guardian_articles\guardian_json\http___www.theseventytwo.com_-200.json: Expecting value: line 1 column 1 (char 0)
2025-11-17 17:22:58,602 [WARNING] - Error parsing JSON C:\Users\admin\Downloads\articles\articles\guardian_articles\guardian_json\http___video.news.sky.com_h264_vod_hd_2014_01_030114-weather-storm-bunkall-drenching.mp4-200.json: 'utf-8' codec can't decode byte 0xd6 in position 27: invalid continuation byte
2025-11-17 17:22:59,014 [WARNING] - Error parsing JSON C:\Users\admin\Downloads\articles\articles\guardian_articles\guardian_json\http___www.spareplace.com_-200.json: Expecting value: line 1 column 1 (char 0)
2025-11-17 17:23:00,011 [WARNING] - Error parsing JSON C:\Users\admin\Downloads\articles\articles\guardian_articles\guardian_json\http___www.deadlinenews.co.uk_2010_04_14_14801-2875_-200.json: Expecting value: line 1 column 1 (char 0)
2025-11-17 17:23:00,060 [WARNING] - Error parsing JSON C:\Users\admin\Downloads\articles\articles\guardian_articles\guardian_json\http___tmi.me_g3jcx-200.json: Expecting value: line 2 column 1 (char 1)
2025-11-17 17:23:02,303 [WARNING] - Error parsing JSON C:\Users\admin\Downloads\articles\articles\guardian_articles\guardian_json\http___twitpic.com_dcfvc0-200.json: Expecting value: line 1 column 1 (char 0)
2025-11-17 17:23:03,324 [WARNING] - Error parsing JSON C:\Users\admin\Downloads\articles\articles\guardian_articles\guardian_json\http___www.bbc.co.uk_programmes_b04ltcgk-200.json: Expecting value: line 1 column 1 (char 0)
2025-11-17 17:23:04,258 [WARNING] - Error parsing JSON C:\Users\admin\Downloads\articles\articles\guardian_articles\guardian_json\http___politicalticker.blogs.cnn.com_2009_08_19_cnn-truth-squad-will-reform-plan-mandate-prices-for-doctors-services_-200.json: Expecting value: line 1 column 1 (char 0)
2025-11-17 17:23:07,604 [WARNING] - Error parsing JSON C:\Users\admin\Downloads\articles\articles\guardian_articles\guardian_json\http___www.parliament.uk_business_committees_committees-a-z_commons-select_energy-and-climate-change-committee_news_wind-1_-200.json: Expecting value: line 2 column 1 (char 1)
2025-11-17 17:23:10,287 [WARNING] - Error parsing JSON C:\Users\admin\Downloads\articles\articles\guardian_articles\guardian_json\http___puffbox.com_2009_01_22_the-obama-memoranda_-200.json: Expecting value: line 1 column 1 (char 0)
2025-11-17 17:23:10,951 [WARNING] - Error parsing JSON C:\Users\admin\Downloads\articles\articles\guardian_articles\guardian_json\http___stv.tv_news_scotland_west-central_165160-search-to-resume-for-edinburgh-student-missing-off-irish-coast_-200.json: Expecting value: line 1 column 1 (char 0)
2025-11-17 17:23:12,174 [WARNING] - Error parsing JSON C:\Users\admin\Downloads\articles\articles\guardian_articles\guardian_json\http___www.truthdig.com_report_item_20090121_to_each_his_own_obama-200.json: Expecting value: line 1 column 1 (char 0)
2025-11-17 17:23:12,185 [WARNING] - Error parsing JSON C:\Users\admin\Downloads\articles\articles\guardian_articles\guardian_json\http___www.cfdg.org.uk_events_event-information_2012_march_evt30487.aspx-200.json: Expecting value: line 2 column 1 (char 1)
2025-11-17 17:23:13,459 [WARNING] - Error parsing JSON C:\Users\admin\Downloads\articles\articles\guardian_articles\guardian_json\http___www.van-halen.com_-200.json: Expecting value: line 1 column 1 (char 0)
2025-11-17 17:23:15,286 [WARNING] - Error parsing JSON C:\Users\admin\Downloads\articles\articles\guardian_articles\guardian_json\http___www.city.ac.uk_events_2012_may_what-is-science-news-and-who-decides-200.json: Expecting value: line 1 column 1 (char 0)
2025-11-17 17:23:15,290 [WARNING] - Error parsing JSON C:\Users\admin\Downloads\articles\articles\guardian_articles\guardian_json\http___t.co_bYBnjouBKF-200.json: Expecting value: line 1 column 1 (char 0)
2025-11-17 17:23:15,661 [WARNING] - Error parsing JSON C:\Users\admin\Downloads\articles\articles\guardian_articles\guardian_json\http___www.realclearpolitics.com_articles_2008_10_americas_nervous_breakdown_and.html-200.json: Expecting value: line 1 column 1 (char 0)
2025-11-17 17:23:15,853 [WARNING] - Error parsing JSON C:\Users\admin\Downloads\articles\articles\guardian_articles\guardian_json\http___www.huffingtonpost.com_boris-mamlyuk_the-inauguration-from-mos_b_159353.html-200.json: Expecting value: line 1 column 1 (char 0)
2025-11-17 17:23:16,308 [WARNING] - Error parsing JSON C:\Users\admin\Downloads\articles\articles\guardian_articles\guardian_json\http___www.abc.net.au_pm_content_2008_s2646009.htm-200.json: 'utf-8' codec can't decode byte 0x96 in position 16975: invalid start byte
2025-11-17 17:23:16,792 [WARNING] - Error parsing JSON C:\Users\admin\Downloads\articles\articles\guardian_articles\guardian_json\http___q-and-a.theguardian.com_qanda_601002-200.json: Expecting value: line 1 column 1 (char 0)
2025-11-17 17:23:20,486 [WARNING] - Error parsing JSON C:\Users\admin\Downloads\articles\articles\guardian_articles\guardian_json\http___www.news-medical.net_news_2008_10_05_41820.aspx-200.json: Expecting value: line 3 column 1 (char 2)
2025-11-17 17:23:20,782 [WARNING] - Error parsing JSON C:\Users\admin\Downloads\articles\articles\guardian_articles\guardian_json\http___www.leithermagazine.com_2010_07_08_a-whole-allotment-of-love.html-200.json: Expecting value: line 1 column 1 (char 0)
2025-11-17 17:23:26,886 [WARNING] - Error parsing JSON C:\Users\admin\Downloads\articles\articles\guardian_articles\guardian_json\http___www.hugedomains.com_domain_profile.cfm-200.json: Expecting value: line 2 column 1 (char 1)
2025-11-17 17:23:26,905 [WARNING] - Error parsing JSON C:\Users\admin\Downloads\articles\articles\guardian_articles\guardian_json\http___t.co_dVjHiG02eF-200.json: Expecting value: line 1 column 1 (char 0)
2025-11-17 17:23:27,259 [WARNING] - Error parsing JSON C:\Users\admin\Downloads\articles\articles\guardian_articles\guardian_json\http___www.leeds.gov.uk_leedsmarkets_Pages_default.aspx-200.json: Expecting value: line 3 column 1 (char 2)
2025-11-17 17:23:27,792 [WARNING] - Error parsing JSON C:\Users\admin\Downloads\articles\articles\guardian_articles\guardian_json\http___paper.li_mycharityshop-200.json: Expecting value: line 1 column 1 (char 0)
2025-11-17 17:23:27,931 [WARNING] - Error parsing JSON C:\Users\admin\Downloads\articles\articles\guardian_articles\guardian_json\http___www.naturescalendar.org.uk_map_current.htm-200.json: Expecting value: line 2 column 1 (char 1)
2025-11-17 17:23:28,214 [WARNING] - Error parsing JSON C:\Users\admin\Downloads\articles\articles\guardian_articles\guardian_json\http___www.leodis.net-200.json: Expecting value: line 2 column 1 (char 1)
2025-11-17 17:23:29,865 [WARNING] - Error parsing JSON C:\Users\admin\Downloads\articles\articles\guardian_articles\guardian_json\http___tucson.com_news_next-president-will-be-handed-a-fragile-economy_article_08a8c237-9c8c-5506-83b0-598256f702b6.html-200.json: Expecting value: line 14 column 1 (char 16)
2025-11-17 17:23:31,115 [WARNING] - Error parsing JSON C:\Users\admin\Downloads\articles\articles\guardian_articles\guardian_json\http___www.zilzar.com_-200.json: 'utf-8' codec can't decode byte 0x92 in position 314: invalid start byte
2025-11-17 17:23:31,653 [WARNING] - Error parsing JSON C:\Users\admin\Downloads\articles\articles\guardian_articles\guardian_json\http___news.mongabay.com_oldlink.php-200.json: Expecting value: line 1 column 1 (char 0)
2025-11-17 17:23:31,887 [WARNING] - Error parsing JSON C:\Users\admin\Downloads\articles\articles\guardian_articles\guardian_json\http___t.co_yklWdHVK-200.json: Expecting value: line 1 column 1 (char 0)
2025-11-17 17:23:34,051 [WARNING] - Error parsing JSON C:\Users\admin\Downloads\articles\articles\guardian_articles\guardian_json\http___twitpic.com_gi6c-200.json: Expecting value: line 1 column 1 (char 0)
2025-11-17 17:23:34,498 [WARNING] - Error parsing JSON C:\Users\admin\Downloads\articles\articles\guardian_articles\guardian_json\http___tobyblume.posterous.com_reaction-to-the-queens-speech-2012-200.json: Expecting value: line 1 column 1 (char 0)
2025-11-17 17:23:37,342 [WARNING] - Error parsing JSON C:\Users\admin\Downloads\articles\articles\guardian_articles\guardian_json\http___www.cpre.org.uk_media-centre_latest-news-releases_item_3784-england-has-space-for-at-least-1-million-homes-on-brownfield-land-200.json: Expecting value: line 1 column 1 (char 0)
2025-11-17 17:23:38,108 [WARNING] - Error parsing JSON C:\Users\admin\Downloads\articles\articles\guardian_articles\guardian_json\http___www.mobypicture.com_user_GdnEdinburgh_view_6494596-200.json: Expecting value: line 1 column 1 (char 0)
2025-11-17 17:23:39,748 [WARNING] - Error parsing JSON C:\Users\admin\Downloads\articles\articles\guardian_articles\guardian_json\http___t.co_2nA6A49K-200.json: Expecting value: line 1 column 1 (char 0)
2025-11-17 17:23:41,693 [WARNING] - Error parsing JSON C:\Users\admin\Downloads\articles\articles\guardian_articles\guardian_json\http___www.ideastap.com_IdeasMag_all-articles_the-end-of-an-era-ideastap-is-closing-200.json: Expecting value: line 2 column 1 (char 1)
2025-11-17 17:23:45,992 [WARNING] - Error parsing JSON C:\Users\admin\Downloads\articles\articles\guardian_articles\guardian_json\http___www.nuffieldtrust.org.uk_publications_nhs-and-social-care-quality-and-finance-briefing-200.json: Expecting value: line 1 column 1 (char 0)
2025-11-17 17:23:46,788 [WARNING] - Error parsing JSON C:\Users\admin\Downloads\articles\articles\guardian_articles\guardian_json\http___www.nbcnews.com_id_29030192_-200.json: Expecting value: line 2 column 1 (char 1)
2025-11-17 17:23:49,752 [WARNING] - Error parsing JSON C:\Users\admin\Downloads\articles\articles\guardian_articles\guardian_json\http___www.thenorthernlight.org_wp-content_uploads_2012_07_Album.jpg-200.json: 'utf-8' codec can't decode byte 0xff in position 0: invalid start byte
2025-11-17 17:23:50,522 [WARNING] - Error parsing JSON C:\Users\admin\Downloads\articles\articles\guardian_articles\guardian_json\http___www.businessgreen.com_bg_news_1805314_leaked-german-report-argues-peak-oil-happening-200.json: Expecting value: line 1 column 1 (char 0)
2025-11-17 17:23:52,128 [WARNING] - Error parsing JSON C:\Users\admin\Downloads\articles\articles\guardian_articles\guardian_json\http___www.amazon.com_Who-Bell-Tolls-David-Marsh_dp_1783350121_ref=sr_1_1_bnp_1_har-200.json: Expecting value: line 80 column 1 (char 91)
2025-11-17 17:23:52,188 [WARNING] - Error parsing JSON C:\Users\admin\Downloads\articles\articles\guardian_articles\guardian_json\http___www.thedailybeast.com_cheats_2012_07_02_anderson-cooper-i-m-gay.html-200.json: Expecting value: line 1 column 1 (char 0)
2025-11-17 17:23:52,782 [WARNING] - Error parsing JSON C:\Users\admin\Downloads\articles\articles\guardian_articles\guardian_json\http___twitpic.com_swolh-200.json: Expecting value: line 1 column 1 (char 0)
2025-11-17 17:23:54,673 [WARNING] - Error parsing JSON C:\Users\admin\Downloads\articles\articles\guardian_articles\guardian_json\http___www.alternet.org_story_150836_plastic_may_be_horrible_for_the_environment%2C_but_could_we_survive_without_it-200.json: 'utf-8' codec can't decode byte 0x92 in position 49428: invalid start byte
2025-11-17 17:23:54,997 [WARNING] - Error parsing JSON C:\Users\admin\Downloads\articles\articles\guardian_articles\guardian_json\http___tweet1.com_-200.json: Expecting value: line 1 column 1 (char 0)
2025-11-17 17:24:00,022 [WARNING] - Error parsing JSON C:\Users\admin\Downloads\articles\articles\guardian_articles\guardian_json\http___www.bbc.co.uk_programmes_p0276pc3-200.json: Expecting value: line 1 column 1 (char 0)
2025-11-17 17:24:00,126 [WARNING] - Error parsing JSON C:\Users\admin\Downloads\articles\articles\guardian_articles\guardian_json\http___www.upi.com-200.json: Expecting value: line 1 column 1 (char 0)
2025-11-17 17:24:01,942 [WARNING] - Error parsing JSON C:\Users\admin\Downloads\articles\articles\guardian_articles\guardian_json\http___tinyurl.com_y86rhx8-200.json: Expecting value: line 1 column 3 (char 2)
2025-11-17 17:24:04,008 [WARNING] - Error parsing JSON C:\Users\admin\Downloads\articles\articles\guardian_articles\guardian_json\http___twitpic.com_k1so-200.json: Expecting value: line 1 column 1 (char 0)
2025-11-17 17:24:04,444 [WARNING] - Error parsing JSON C:\Users\admin\Downloads\articles\articles\guardian_articles\guardian_json\http___www.democracynow.org_2015_2_26_a_black_site_in_chicago_police-200.json: Expecting value: line 1 column 1 (char 0)
2025-11-17 17:24:05,472 [WARNING] - Error parsing JSON C:\Users\admin\Downloads\articles\articles\guardian_articles\guardian_json\http___www.ngdp.org.uk_-200.json: Expecting value: line 1 column 1 (char 0)
2025-11-17 17:24:05,628 [WARNING] - Error parsing JSON C:\Users\admin\Downloads\articles\articles\guardian_articles\guardian_json\http___t.co_H6exnIoeN9-200.json: Expecting value: line 1 column 1 (char 0)
2025-11-17 17:24:06,079 [WARNING] - Error parsing JSON C:\Users\admin\Downloads\articles\articles\guardian_articles\guardian_json\http___www.businessgreen.com_bg_news_2182698_steps-opposition-eu-aviation-carbon-law-200.json: Expecting value: line 1 column 1 (char 0)
2025-11-17 17:24:08,736 [WARNING] - Error parsing JSON C:\Users\admin\Downloads\articles\articles\guardian_articles\guardian_json\http___stv.tv_news_scotland_east-central_176312-concern-mounts-for-woman-missing-in-edinburgh_-200.json: Expecting value: line 1 column 1 (char 0)
2025-11-17 17:24:09,077 [WARNING] - Error parsing JSON C:\Users\admin\Downloads\articles\articles\guardian_articles\guardian_json\http___ow.ly_i_6jSHc-200.json: Expecting value: line 18 column 1 (char 17)
2025-11-17 17:24:09,403 [WARNING] - Error parsing JSON C:\Users\admin\Downloads\articles\articles\guardian_articles\guardian_json\http___twitpic.com_swx3v-200.json: Expecting value: line 1 column 1 (char 0)
2025-11-17 17:24:11,184 [WARNING] - Error parsing JSON C:\Users\admin\Downloads\articles\articles\guardian_articles\guardian_json\http___techcrunch.com_2011_02_12_the-guardians-wikileaks-book-is-this-generations-all-the-presidents-men_-200.json: Expecting value: line 1 column 1 (char 0)
2025-11-17 17:24:11,592 [WARNING] - Error parsing JSON C:\Users\admin\Downloads\articles\articles\guardian_articles\guardian_json\http___www.civilsociety.co.uk_governance_news_content_17476_charities_poor_at_explaining_their_work_to_donors_cfg_chair_says-200.json: Expecting value: line 2 column 1 (char 1)
2025-11-17 17:24:11,622 [WARNING] - Error parsing JSON C:\Users\admin\Downloads\articles\articles\guardian_articles\guardian_json\http___ow.ly_i_6EvSP-200.json: Expecting value: line 18 column 1 (char 17)
2025-11-17 17:24:12,782 [WARNING] - Error parsing JSON C:\Users\admin\Downloads\articles\articles\guardian_articles\guardian_json\http___www.theecologist.org_blogs_and_comments_commentators_other_comments_587944_landfill_could_be_greener_than_recycling_when_it_comes_to_plastic_bottles.html-200.json: Expecting value: line 11 column 3 (char 30)
2025-11-17 17:24:14,815 [WARNING] - Error parsing JSON C:\Users\admin\Downloads\articles\articles\guardian_articles\guardian_json\http___www.dailyrecord.co.uk_news_scottish-news_dundee-united-stars-david-goodwillie-1074564-200.json: Expecting value: line 1 column 1 (char 0)
2025-11-17 17:24:14,902 [WARNING] - Error parsing JSON C:\Users\admin\Downloads\articles\articles\guardian_articles\guardian_json\http___ping.fm_8xjgz-200.json: Expecting value: line 1 column 1 (char 0)
2025-11-17 17:24:16,660 [WARNING] - Error parsing JSON C:\Users\admin\Downloads\articles\articles\guardian_articles\guardian_json\http___www.thirdsector.co.uk_sector-leaders-praise-former-civil-society-minister-nick-hurd_policy-and-politics_article_1303577-200.json: Expecting value: line 1 column 1 (char 0)
2025-11-17 17:24:18,942 [WARNING] - Error parsing JSON C:\Users\admin\Downloads\articles\articles\guardian_articles\guardian_json\http___t.co_9rB77U9jQ4-200.json: Expecting value: line 1 column 1 (char 0)
2025-11-17 17:24:19,732 [WARNING] - Error parsing JSON C:\Users\admin\Downloads\articles\articles\guardian_articles\guardian_json\http___ow.ly_i_5zKhI-200.json: Expecting value: line 18 column 1 (char 17)
2025-11-17 17:24:22,181 [WARNING] - Error parsing JSON C:\Users\admin\Downloads\articles\articles\guardian_articles\guardian_json\http___www.edinburghnews.scotsman.com_news_artists-drawn-together-for-exhibition-1-1246810-200.json: Expecting value: line 1 column 1 (char 0)
2025-11-17 17:24:23,555 [WARNING] - Error parsing JSON C:\Users\admin\Downloads\articles\articles\guardian_articles\guardian_json\http___t.co_acWT5jnT-200.json: Expecting value: line 1 column 1 (char 0)
2025-11-17 17:24:24,237 [WARNING] - Error parsing JSON C:\Users\admin\Downloads\articles\articles\guardian_articles\guardian_json\http___www.itv.com_news_-200.json: Expecting value: line 1 column 1 (char 0)
2025-11-17 17:24:25,482 [WARNING] - Error parsing JSON C:\Users\admin\Downloads\articles\articles\guardian_articles\guardian_json\http___sputniknews.com_russia_20120304_171715882.html-200.json: Expecting value: line 1 column 1 (char 0)
2025-11-17 17:24:26,787 [WARNING] - Error parsing JSON C:\Users\admin\Downloads\articles\articles\guardian_articles\guardian_json\http___talksport.com_radio_how-to-listen-200.json: Expecting value: line 1 column 1 (char 0)
2025-11-17 17:24:26,976 [WARNING] - Error parsing JSON C:\Users\admin\Downloads\articles\articles\guardian_articles\guardian_json\http___www.skepticalscience.com_-200.json: Expecting value: line 1 column 1 (char 0)
2025-11-17 17:24:27,414 [WARNING] - Error parsing JSON C:\Users\admin\Downloads\articles\articles\guardian_articles\guardian_json\http___www.thebookseller.com_news_bennetts-newsnight-library-defence-becomes-twitter-trend-200.json: Expecting value: line 1 column 1 (char 0)
2025-11-17 17:24:29,483 [WARNING] - Error parsing JSON C:\Users\admin\Downloads\articles\articles\guardian_articles\guardian_json\http___www.bbc.co.uk_programmes_b040y72t-200.json: Expecting value: line 1 column 1 (char 0)
2025-11-17 17:24:30,852 [WARNING] - Error parsing JSON C:\Users\admin\Downloads\articles\articles\guardian_articles\guardian_json\http___www.edinburghnews.scotsman.com_news_politics_labour-pick-ewan-aitken-to-fight-kenny-macaskill-seat-1-1232142-200.json: Expecting value: line 1 column 1 (char 0)
2025-11-17 17:24:31,784 [WARNING] - Error parsing JSON C:\Users\admin\Downloads\articles\articles\guardian_articles\guardian_json\http___www.thedailybeast.com_articles_2009_02_04_america-to-rush-drop-dead.html-200.json: Expecting value: line 1 column 1 (char 0)
2025-11-17 17:24:35,405 [WARNING] - Error parsing JSON C:\Users\admin\Downloads\articles\articles\guardian_articles\guardian_json\http___q-and-a.theguardian.com_qanda_615001-200.json: Expecting value: line 1 column 1 (char 0)
2025-11-17 17:24:35,913 [WARNING] - Error parsing JSON C:\Users\admin\Downloads\articles\articles\guardian_articles\guardian_json\http___ow.ly_i_6yp8z-200.json: Expecting value: line 18 column 1 (char 17)
2025-11-17 17:24:36,229 [WARNING] - Error parsing JSON C:\Users\admin\Downloads\articles\articles\guardian_articles\guardian_json\http___www.thewormbook.com_hlog_-200.json: Expecting value: line 1 column 1 (char 0)
2025-11-17 17:24:37,674 [WARNING] - Error parsing JSON C:\Users\admin\Downloads\articles\articles\guardian_articles\guardian_json\http___twitpic.com_7x3o0s-200.json: Expecting value: line 1 column 1 (char 0)
2025-11-17 17:24:38,982 [WARNING] - Error parsing JSON C:\Users\admin\Downloads\articles\articles\guardian_articles\guardian_json\http___nymag.com_scienceofus_2015_03_13-reasons-youre-sleep-deprived.html-200.json: Expecting value: line 1 column 1 (char 0)
2025-11-17 17:24:39,433 [WARNING] - Error parsing JSON C:\Users\admin\Downloads\articles\articles\guardian_articles\guardian_json\http___ow.ly_i_auCvj-200.json: Expecting value: line 18 column 1 (char 17)
2025-11-17 17:24:39,606 [WARNING] - Error parsing JSON C:\Users\admin\Downloads\articles\articles\guardian_articles\guardian_json\http___twitpic.com_1zjmjp-200.json: Expecting value: line 1 column 1 (char 0)
2025-11-17 17:24:41,654 [WARNING] - Error parsing JSON C:\Users\admin\Downloads\articles\articles\guardian_articles\guardian_json\http___www.jasonmcneal.com_2011_03_active-recovery-donor-stewardship_-200.json: Expecting value: line 1 column 1 (char 0)
2025-11-17 17:24:44,161 [WARNING] - Error parsing JSON C:\Users\admin\Downloads\articles\articles\guardian_articles\guardian_json\http___vegplotting.blogspot.jp_2011_02_whats-new-for-your-garden-this-year.html-200.json: Expecting value: line 1 column 1 (char 0)
2025-11-17 17:24:47,325 [WARNING] - Error parsing JSON C:\Users\admin\Downloads\articles\articles\guardian_articles\guardian_json\http___nickaldridge.co.uk_-200.json: Expecting value: line 1 column 1 (char 0)
2025-11-17 17:24:47,581 [WARNING] - Error parsing JSON C:\Users\admin\Downloads\articles\articles\guardian_articles\guardian_json\http___www.pressgazette.co.uk_ayrshire-post-censured-ipso-over-report-hospital-inspection-which-focused-negative-200.json: Expecting value: line 2 column 1 (char 1)
2025-11-17 17:24:47,833 [WARNING] - Error parsing JSON C:\Users\admin\Downloads\articles\articles\guardian_articles\guardian_json\http___www.holidaycottages.co.uk_-200.json: Expecting value: line 2 column 1 (char 1)
2025-11-17 17:24:50,930 [WARNING] - Error parsing JSON C:\Users\admin\Downloads\articles\articles\guardian_articles\guardian_json\http___www.huffingtonpost.com_2009_10_01_orlando-sentinel-did-alan_n_306518.html-200.json: Expecting value: line 1 column 1 (char 0)
2025-11-17 17:24:50,992 [WARNING] - Error parsing JSON C:\Users\admin\Downloads\articles\articles\guardian_articles\guardian_json\http___ow.ly_i_b7Wko-200.json: Expecting value: line 18 column 1 (char 17)
2025-11-17 17:24:53,057 [WARNING] - Error parsing JSON C:\Users\admin\Downloads\articles\articles\guardian_articles\guardian_json\http___www.bbc.co.uk_news_uk-england-lancashire-21769805-200.json: Expecting value: line 1 column 1 (char 0)
2025-11-17 17:24:53,364 [WARNING] - Error parsing JSON C:\Users\admin\Downloads\articles\articles\guardian_articles\guardian_json\http___www.oneworldshop.co.uk_index.php-200.json: Expecting value: line 1 column 1 (char 0)
2025-11-17 17:24:56,778 [WARNING] - Error parsing JSON C:\Users\admin\Downloads\articles\articles\guardian_articles\guardian_json\http___willlovetearusapart.com_-200.json: Expecting value: line 1 column 1 (char 0)
2025-11-17 17:24:57,015 [WARNING] - Error parsing JSON C:\Users\admin\Downloads\articles\articles\guardian_articles\guardian_json\http___www.civilsociety.co.uk_governance_news_content_17850_brooks_newmark_announced_as_next_minister_for_civil_society-200.json: Expecting value: line 2 column 1 (char 1)
2025-11-17 17:24:57,857 [WARNING] - Error parsing JSON C:\Users\admin\Downloads\articles\articles\guardian_articles\guardian_json\http___www.publicfinance.co.uk_news_2014_03_council-workers-stage-pay-protests-200.json: Expecting value: line 1 column 1 (char 0)
2025-11-17 17:24:58,324 [WARNING] - Error parsing JSON C:\Users\admin\Downloads\articles\articles\guardian_articles\guardian_json\http___url4.eu_1aTim-200.json: Expecting value: line 1 column 1 (char 0)
2025-11-17 17:24:58,672 [WARNING] - Error parsing JSON C:\Users\admin\Downloads\articles\articles\guardian_articles\guardian_json\http___web3.cmvm.pt_sdi2004_emitentes_docs_FR34462.pdf-200.json: 'utf-8' codec can't decode byte 0xc7 in position 10: invalid continuation byte
2025-11-17 17:25:00,736 [WARNING] - Error parsing JSON C:\Users\admin\Downloads\articles\articles\guardian_articles\guardian_json\http___shanghaiscrap.com_-200.json: Expecting value: line 1 column 1 (char 0)
2025-11-17 17:25:03,966 [WARNING] - Error parsing JSON C:\Users\admin\Downloads\articles\articles\guardian_articles\guardian_json\http___www.networkforgood.com_nonprofitblog_how-improving-experience-can-make-donors-want-give_-200.json: Expecting value: line 1 column 1 (char 0)
2025-11-17 17:25:05,544 [WARNING] - Error parsing JSON C:\Users\admin\Downloads\articles\articles\guardian_articles\guardian_json\http___www.geekwire.com_2012_robbie-bachs-lessons-intrapreneurship-xbox-zune_-200.json: Expecting value: line 2 column 1 (char 1)
2025-11-17 17:25:06,387 [WARNING] - Error parsing JSON C:\Users\admin\Downloads\articles\articles\guardian_articles\guardian_json\http___www.last.fm_music_Waterson%3ACarthy___Sugar+Wassail-200.json: Expecting value: line 3 column 1 (char 2)
2025-11-17 17:25:06,665 [WARNING] - Error parsing JSON C:\Users\admin\Downloads\articles\articles\guardian_articles\guardian_json\http___www.insidehousing.co.uk_business_development_a-third-of-associations-plan-halt-to-sub-market-rent_7012288.article-200.json: Expecting value: line 3 column 1 (char 2)
2025-11-17 17:25:07,036 [WARNING] - Error parsing JSON C:\Users\admin\Downloads\articles\articles\guardian_articles\guardian_json\http___twitpic.com_b0vjli-200.json: Expecting value: line 1 column 1 (char 0)
2025-11-17 17:25:08,619 [WARNING] - Error parsing JSON C:\Users\admin\Downloads\articles\articles\guardian_articles\guardian_json\http___talkingpointsmemo.com_muckraker_former-panel-chair-says-perry-s-office-pressured-him-on-death-penalty-probe-200.json: Expecting value: line 1 column 1 (char 0)
2025-11-17 17:25:08,852 [WARNING] - Error parsing JSON C:\Users\admin\Downloads\articles\articles\guardian_articles\guardian_json\http___www.bbc.co.uk_news_10623021-200.json: Expecting value: line 1 column 1 (char 0)
2025-11-17 17:25:10,103 [WARNING] - Error parsing JSON C:\Users\admin\Downloads\articles\articles\guardian_articles\guardian_json\http___twitpic.com_bj89nb-200.json: Expecting value: line 1 column 1 (char 0)
2025-11-17 17:25:11,637 [WARNING] - Error parsing JSON C:\Users\admin\Downloads\articles\articles\guardian_articles\guardian_json\http___www.blightwatch.co.uk_content_bw-Home.asp-200.json: Expecting value: line 3 column 1 (char 2)
2025-11-17 17:25:11,785 [WARNING] - Error parsing JSON C:\Users\admin\Downloads\articles\articles\guardian_articles\guardian_json\http___twitpic.com_1e8kz8-200.json: Expecting value: line 1 column 1 (char 0)
2025-11-17 17:25:13,411 [WARNING] - Error parsing JSON C:\Users\admin\Downloads\articles\articles\guardian_articles\guardian_json\http___www.greenmystyle.com_green-stars-on-the-big-screen_-200.json: Expecting value: line 1 column 1 (char 0)
2025-11-17 17:25:13,740 [WARNING] - Error parsing JSON C:\Users\admin\Downloads\articles\articles\guardian_articles\guardian_json\http___www.politico.com_story_2008_09_post-debate-obamas-lead-grows-014042-200.json: Expecting value: line 1 column 1 (char 0)
2025-11-17 17:25:13,809 [WARNING] - Error parsing JSON C:\Users\admin\Downloads\articles\articles\guardian_articles\guardian_json\http___twitpic.com_3w75tw-200.json: Expecting value: line 1 column 1 (char 0)
2025-11-17 17:25:13,992 [WARNING] - Error parsing JSON C:\Users\admin\Downloads\articles\articles\guardian_articles\guardian_json\http___www.involve.org.uk_blog_2012_02_14_community-engagement-webinars_-200.json: Expecting value: line 2 column 1 (char 1)
2025-11-17 17:25:14,333 [WARNING] - Error parsing JSON C:\Users\admin\Downloads\articles\articles\guardian_articles\guardian_json\http___www.broughtonspurtle.org.uk_news_picardy-place-tesco-wins-offsale-licence-200.json: Expecting value: line 1 column 1 (char 0)
2025-11-17 17:25:14,406 [WARNING] - Error parsing JSON C:\Users\admin\Downloads\articles\articles\guardian_articles\guardian_json\http___www.metafilter.com_97895_New-Music-for-the-New-Year-200.json: Expecting value: line 1 column 1 (char 0)
2025-11-17 17:25:15,241 [WARNING] - Error parsing JSON C:\Users\admin\Downloads\articles\articles\guardian_articles\guardian_json\http___www.bbc.co.uk_news_10558740-200.json: Expecting value: line 1 column 1 (char 0)
2025-11-17 17:25:17,646 [WARNING] - Error parsing JSON C:\Users\admin\Downloads\articles\articles\guardian_articles\guardian_json\http___www.senseaboutscience.org_index.php_site_about_562-200.json: Expecting value: line 3 column 1 (char 2)
2025-11-17 17:25:18,254 [WARNING] - Error parsing JSON C:\Users\admin\Downloads\articles\articles\guardian_articles\guardian_json\http___www.robertpopper.com_2011_11_11_i-want-to-work-here-and-so-do-you_-200.json: Expecting value: line 1 column 1 (char 0)
2025-11-17 17:25:19,342 [WARNING] - Error parsing JSON C:\Users\admin\Downloads\articles\articles\guardian_articles\guardian_json\http___www.culturalolympics.org.uk_2010_05_the-olympic-mascots_-200.json: Expecting value: line 1 column 1 (char 0)
2025-11-17 17:25:19,418 [WARNING] - Error parsing JSON C:\Users\admin\Downloads\articles\articles\guardian_articles\guardian_json\http___www.jo-blogs.co.uk_2011_04_feature-bettakultcha-storytelling-in-the-21st-century_-200.json: Expecting value: line 1 column 1 (char 0)
2025-11-17 17:25:20,412 [WARNING] - Error parsing JSON C:\Users\admin\Downloads\articles\articles\guardian_articles\guardian_json\http___nymag.com_scienceofus_2015_03_what-a-neuroscientist-said-about-eminems-brain.html-200.json: Expecting value: line 1 column 1 (char 0)
2025-11-17 17:25:22,484 [WARNING] - Error parsing JSON C:\Users\admin\Downloads\articles\articles\guardian_articles\guardian_json\http___www.visualisingdata.com_2010_11_visualisation-contest-send-a-great-example-from-the-wild_-200.json: Expecting value: line 1 column 2 (char 1)
2025-11-17 17:25:22,891 [WARNING] - Error parsing JSON C:\Users\admin\Downloads\articles\articles\guardian_articles\guardian_json\http___www.businessgreen.com_bg_news_2214235_vestas-steps-up-its-game-with-8mw-offshore-wind-turbine-200.json: Expecting value: line 1 column 1 (char 0)
2025-11-17 17:25:22,973 [WARNING] - Error parsing JSON C:\Users\admin\Downloads\articles\articles\guardian_articles\guardian_json\http___www.arsenal.com_news_news-archive_olivier-giroud-agrees-deal-to-join-arsenal-200.json: Expecting value: line 1 column 1 (char 0)
2025-11-17 17:25:23,429 [WARNING] - Error parsing JSON C:\Users\admin\Downloads\articles\articles\guardian_articles\guardian_json\http___q-and-a.theguardian.com_qanda_229002_question_1_answer_2001-200.json: Expecting value: line 1 column 1 (char 0)
2025-11-17 17:25:23,906 [WARNING] - Error parsing JSON C:\Users\admin\Downloads\articles\articles\guardian_articles\guardian_json\http___techcrunch.com_2010_04_01_study-52-percent-of-bloggers-consider-themselves-journalists_-200.json: Expecting value: line 1 column 1 (char 0)
2025-11-17 17:25:26,857 [WARNING] - Error parsing JSON C:\Users\admin\Downloads\articles\articles\guardian_articles\guardian_json\http___news.bbc.co.uk_2_hi_entertainment_8437119.stm-200.json: Expecting value: line 1 column 1 (char 0)
2025-11-17 17:25:27,201 [WARNING] - Error parsing JSON C:\Users\admin\Downloads\articles\articles\guardian_articles\guardian_json\http___www.vice.com_en_uk_read_this-interview-with-megan-fox-is-the-worst-thing-ever-written-esquire-200.json: Expecting value: line 1 column 1 (char 0)
2025-11-17 17:25:28,299 [WARNING] - Error parsing JSON C:\Users\admin\Downloads\articles\articles\guardian_articles\guardian_json\http___quoteinvestigator.com_-200.json: Expecting value: line 1 column 1 (char 0)
2025-11-17 17:25:28,596 [WARNING] - Error parsing JSON C:\Users\admin\Downloads\articles\articles\guardian_articles\guardian_json\http___www.circleid.com_posts_20081015_vint_cerf_election_barack_obama_-200.json: Expecting value: line 1 column 1 (char 0)
2025-11-17 17:25:29,055 [WARNING] - Error parsing JSON C:\Users\admin\Downloads\articles\articles\guardian_articles\guardian_json\http___stv.tv_news_scotland_east-central_177816-police-appeal-for-help-finding-suzanne-pilley_-200.json: Expecting value: line 1 column 1 (char 0)
2025-11-17 17:25:29,293 [WARNING] - Error parsing JSON C:\Users\admin\Downloads\articles\articles\guardian_articles\guardian_json\http___www.mobypicture.com_user_GdnEdinburgh_view_6898466-200.json: Expecting value: line 1 column 1 (char 0)
2025-11-17 17:25:30,336 [WARNING] - Error parsing JSON C:\Users\admin\Downloads\articles\articles\guardian_articles\guardian_json\http___tinyurl.com_lgggdn-200.json: Expecting value: line 1 column 3 (char 2)
2025-11-17 17:25:31,633 [WARNING] - Error parsing JSON C:\Users\admin\Downloads\articles\articles\guardian_articles\guardian_json\http___www.forbes.com_2009_02_10_fhlb-fannie-freddie-opinions-contributors_0211_ronnie_phillips.html-200.json: Expecting value: line 2 column 1 (char 1)
2025-11-17 17:25:32,059 [WARNING] - Error parsing JSON C:\Users\admin\Downloads\articles\articles\guardian_articles\guardian_json\http___www.eventbrite.co.uk_e_manchester-football-writing-festival-football-weekly-live-tickets-12240472583-200.json: Expecting value: line 5 column 1 (char 4)
2025-11-17 17:25:32,669 [WARNING] - Error parsing JSON C:\Users\admin\Downloads\articles\articles\guardian_articles\guardian_json\http___www.eventbrite.co.uk_e_showing-your-worth-how-to-measure-soft-outcomes-in-social-housing-tickets-2000500551-200.json: Expecting value: line 5 column 1 (char 4)
2025-11-17 17:25:33,622 [WARNING] - Error parsing JSON C:\Users\admin\Downloads\articles\articles\guardian_articles\guardian_json\http___www.channel4.com_news_articles_vote_2010_gordon+brown+calls+labour+voted+ampaposbigotedampapos_3628887.html-200.json: Expecting value: line 180 column 1 (char 280)
2025-11-17 17:25:34,772 [WARNING] - Error parsing JSON C:\Users\admin\Downloads\articles\articles\guardian_articles\guardian_json\http___ow.ly_i_5zKD5-200.json: Expecting value: line 18 column 1 (char 17)
2025-11-17 17:25:35,312 [WARNING] - Error parsing JSON C:\Users\admin\Downloads\articles\articles\guardian_articles\guardian_json\http___ow.ly_i_944Ya-200.json: Expecting value: line 18 column 1 (char 17)
2025-11-17 17:25:38,929 [WARNING] - Error parsing JSON C:\Users\admin\Downloads\articles\articles\guardian_articles\guardian_json\http___www.eventbrite.co.uk_e_charity-annual-report-writing-essentials-tickets-2227464406-200.json: Expecting value: line 5 column 1 (char 4)
2025-11-17 17:25:39,257 [WARNING] - Error parsing JSON C:\Users\admin\Downloads\articles\articles\guardian_articles\guardian_json\http___www.gazzetta.it_Calcio_Nazionale_13-10-2010_arrestato-l-uomo-nero-serbo-711448044591.shtml-200.json: 'utf-8' codec can't decode byte 0xec in position 6400: invalid continuation byte
2025-11-17 17:25:39,722 [WARNING] - Error parsing JSON C:\Users\admin\Downloads\articles\articles\guardian_articles\guardian_json\http___twitpic.com_dcrj0p-200.json: Expecting value: line 1 column 1 (char 0)
2025-11-17 17:25:40,199 [WARNING] - Error parsing JSON C:\Users\admin\Downloads\articles\articles\guardian_articles\guardian_json\http___www.theatlantic.com_entertainment_archive_2012_10_the-year-punk-broke-back_262829_-200.json: Expecting value: line 5 column 1 (char 4)
2025-11-17 17:25:43,489 [WARNING] - --- Process Interrupted by User ---
