2025-09-22 05:17:16,712 [INFO] - --- Starting New Training Run with GPU ---
2025-09-22 05:17:16,712 [INFO] - Step 2: Starting data loading and preparation.
2025-09-22 05:17:16,712 [ERROR] - An unexpected error occurred: [Errno 2] No such file or directory: 'Dataset/final_cleaned_dataset_CNN.csv'
Traceback (most recent call last):
  File "C:\Users\admin\AppData\Local\Temp\ipykernel_23644\756675314.py", line 31, in <module>
    df = pd.read_csv('Dataset/final_cleaned_dataset_CNN.csv', engine='python', on_bad_lines='skip')
  File "c:\Users\admin\anaconda3\envs\news_summarizer\lib\site-packages\pandas\io\parsers\readers.py", line 1026, in read_csv
    return _read(filepath_or_buffer, kwds)
  File "c:\Users\admin\anaconda3\envs\news_summarizer\lib\site-packages\pandas\io\parsers\readers.py", line 620, in _read
    parser = TextFileReader(filepath_or_buffer, **kwds)
  File "c:\Users\admin\anaconda3\envs\news_summarizer\lib\site-packages\pandas\io\parsers\readers.py", line 1620, in __init__
    self._engine = self._make_engine(f, self.engine)
  File "c:\Users\admin\anaconda3\envs\news_summarizer\lib\site-packages\pandas\io\parsers\readers.py", line 1880, in _make_engine
    self.handles = get_handle(
  File "c:\Users\admin\anaconda3\envs\news_summarizer\lib\site-packages\pandas\io\common.py", line 873, in get_handle
    handle = open(
FileNotFoundError: [Errno 2] No such file or directory: 'Dataset/final_cleaned_dataset_CNN.csv'
2025-09-22 05:17:16,752 [ERROR] - --- Run Failed ---
2025-09-22 05:18:51,366 [INFO] - --- Starting New Training Run with GPU ---
2025-09-22 05:18:51,366 [INFO] - Step 2: Starting data loading and preparation.
2025-09-22 05:18:52,218 [INFO] - Data prepared successfully. Samples: 8854 train, 984 test.
2025-09-22 05:18:52,218 [INFO] - Step 3: Starting tokenization.
2025-09-22 05:19:31,647 [INFO] - Tokenization complete.
2025-09-22 05:19:31,647 [INFO] - Step 4: Initializing Trainer.
2025-09-22 05:19:45,913 [INFO] - Starting model training on GPU...
2025-09-22 05:24:11,000 [INFO] - --- Starting New Training Run with GPU ---
2025-09-22 05:24:11,009 [INFO] - Step 2: Starting data loading and preparation.
2025-09-22 05:24:11,838 [INFO] - Data prepared successfully. Samples: 8854 train, 984 test.
2025-09-22 05:24:11,838 [INFO] - Step 3: Starting tokenization.
2025-09-22 05:24:52,050 [INFO] - Tokenization complete.
2025-09-22 05:24:52,050 [INFO] - Step 4: Initializing Trainer.
2025-09-22 05:25:02,863 [INFO] - Starting model training on GPU...
